CRITICAL - 2022-10-31 07:46:01 --> Undefined variable: login
in APPPATH\Controllers\Login.php on line 27.
 1 APPPATH\Controllers\Login.php(27): CodeIgniter\Debug\Exceptions->errorHandler(8, 'Undefined variable: login', 'APPPATH\\Controllers\\Login.php', 27, [...])
 2 SYSTEMPATH\CodeIgniter.php(902): App\Controllers\Login->aute()
 3 SYSTEMPATH\CodeIgniter.php(457): CodeIgniter\CodeIgniter->runController(Object(App\Controllers\Login))
 4 SYSTEMPATH\CodeIgniter.php(340): CodeIgniter\CodeIgniter->handleRequest(null, Object(Config\Cache), false)
 5 FCPATH\index.php(67): CodeIgniter\CodeIgniter->run()
ERROR - 2022-10-31 08:26:42 --> mysqli_sql_exception: Table 'the_club.usuarios' doesn't exist in C:\wamp64\www\The_Club\system\Database\MySQLi\Connection.php:292
Stack trace:
#0 C:\wamp64\www\The_Club\system\Database\MySQLi\Connection.php(292): mysqli->query('SELECT *\nFROM `...', 0)
#1 C:\wamp64\www\The_Club\system\Database\BaseConnection.php(693): CodeIgniter\Database\MySQLi\Connection->execute('SELECT *\nFROM `...')
#2 C:\wamp64\www\The_Club\system\Database\BaseConnection.php(620): CodeIgniter\Database\BaseConnection->simpleQuery('SELECT *\nFROM `...')
#3 C:\wamp64\www\The_Club\system\Database\BaseBuilder.php(1585): CodeIgniter\Database\BaseConnection->query('SELECT *\nFROM `...', Array, false)
#4 C:\wamp64\www\The_Club\system\Model.php(182): CodeIgniter\Database\BaseBuilder->get()
#5 C:\wamp64\www\The_Club\system\BaseModel.php(523): CodeIgniter\Model->doFind(true, 'Franco Nahue Ma...')
#6 C:\wamp64\www\The_Club\app\Controllers\Login.php(30): CodeIgniter\BaseModel->find('Franco Nahue Ma...')
#7 C:\wamp64\www\The_Club\system\CodeIgniter.php(902): App\Controllers\Login->aute()
#8 C:\wamp64\www\The_Club\system\CodeIgniter.php(457): CodeIgniter\CodeIgniter->runController(Object(App\Controllers\Login))
#9 C:\wamp64\www\The_Club\system\CodeIgniter.php(340): CodeIgniter\CodeIgniter->handleRequest(NULL, Object(Config\Cache), false)
#10 C:\wamp64\www\The_Club\index.php(67): CodeIgniter\CodeIgniter->run()
#11 {main}
CRITICAL - 2022-10-31 08:26:42 --> Table 'the_club.usuarios' doesn't exist
in SYSTEMPATH\Database\MySQLi\Connection.php on line 292.
 1 SYSTEMPATH\Database\MySQLi\Connection.php(292): mysqli->query('SELECT *
FROM `usuarios`
WHERE `usuarios`.`deleted_at` IS NULL
AND `usuarios`.`id_usuario` = \'Franco Nahue Malla\'', 0)
 2 SYSTEMPATH\Database\BaseConnection.php(693): CodeIgniter\Database\MySQLi\Connection->execute('SELECT *
FROM `usuarios`
WHERE `usuarios`.`deleted_at` IS NULL
AND `usuarios`.`id_usuario` = \'Franco Nahue Malla\'')
 3 SYSTEMPATH\Database\BaseConnection.php(620): CodeIgniter\Database\BaseConnection->simpleQuery('SELECT *
FROM `usuarios`
WHERE `usuarios`.`deleted_at` IS NULL
AND `usuarios`.`id_usuario` = \'Franco Nahue Malla\'')
 4 SYSTEMPATH\Database\BaseBuilder.php(1585): CodeIgniter\Database\BaseConnection->query('SELECT *
FROM `usuarios`
WHERE `usuarios`.`deleted_at` IS NULL
AND `usuarios`.`id_usuario` = :usuarios.id_usuario:', [...], false)
 5 SYSTEMPATH\Model.php(182): CodeIgniter\Database\BaseBuilder->get()
 6 SYSTEMPATH\BaseModel.php(523): CodeIgniter\Model->doFind(true, 'Franco Nahue Malla')
 7 APPPATH\Controllers\Login.php(30): CodeIgniter\BaseModel->find('Franco Nahue Malla')
 8 SYSTEMPATH\CodeIgniter.php(902): App\Controllers\Login->aute()
 9 SYSTEMPATH\CodeIgniter.php(457): CodeIgniter\CodeIgniter->runController(Object(App\Controllers\Login))
10 SYSTEMPATH\CodeIgniter.php(340): CodeIgniter\CodeIgniter->handleRequest(null, Object(Config\Cache), false)
11 FCPATH\index.php(67): CodeIgniter\CodeIgniter->run()
ERROR - 2022-10-31 08:27:00 --> mysqli_sql_exception: Table 'the_club.usuarios' doesn't exist in C:\wamp64\www\The_Club\system\Database\MySQLi\Connection.php:292
Stack trace:
#0 C:\wamp64\www\The_Club\system\Database\MySQLi\Connection.php(292): mysqli->query('SELECT *\nFROM `...', 0)
#1 C:\wamp64\www\The_Club\system\Database\BaseConnection.php(693): CodeIgniter\Database\MySQLi\Connection->execute('SELECT *\nFROM `...')
#2 C:\wamp64\www\The_Club\system\Database\BaseConnection.php(620): CodeIgniter\Database\BaseConnection->simpleQuery('SELECT *\nFROM `...')
#3 C:\wamp64\www\The_Club\system\Database\BaseBuilder.php(1585): CodeIgniter\Database\BaseConnection->query('SELECT *\nFROM `...', Array, false)
#4 C:\wamp64\www\The_Club\system\Model.php(182): CodeIgniter\Database\BaseBuilder->get()
#5 C:\wamp64\www\The_Club\system\BaseModel.php(523): CodeIgniter\Model->doFind(true, '1')
#6 C:\wamp64\www\The_Club\app\Controllers\Login.php(30): CodeIgniter\BaseModel->find('1')
#7 C:\wamp64\www\The_Club\system\CodeIgniter.php(902): App\Controllers\Login->aute()
#8 C:\wamp64\www\The_Club\system\CodeIgniter.php(457): CodeIgniter\CodeIgniter->runController(Object(App\Controllers\Login))
#9 C:\wamp64\www\The_Club\system\CodeIgniter.php(340): CodeIgniter\CodeIgniter->handleRequest(NULL, Object(Config\Cache), false)
#10 C:\wamp64\www\The_Club\index.php(67): CodeIgniter\CodeIgniter->run()
#11 {main}
CRITICAL - 2022-10-31 08:27:00 --> Table 'the_club.usuarios' doesn't exist
in SYSTEMPATH\Database\MySQLi\Connection.php on line 292.
 1 SYSTEMPATH\Database\MySQLi\Connection.php(292): mysqli->query('SELECT *
FROM `usuarios`
WHERE `usuarios`.`deleted_at` IS NULL
AND `usuarios`.`id_usuario` = \'1\'', 0)
 2 SYSTEMPATH\Database\BaseConnection.php(693): CodeIgniter\Database\MySQLi\Connection->execute('SELECT *
FROM `usuarios`
WHERE `usuarios`.`deleted_at` IS NULL
AND `usuarios`.`id_usuario` = \'1\'')
 3 SYSTEMPATH\Database\BaseConnection.php(620): CodeIgniter\Database\BaseConnection->simpleQuery('SELECT *
FROM `usuarios`
WHERE `usuarios`.`deleted_at` IS NULL
AND `usuarios`.`id_usuario` = \'1\'')
 4 SYSTEMPATH\Database\BaseBuilder.php(1585): CodeIgniter\Database\BaseConnection->query('SELECT *
FROM `usuarios`
WHERE `usuarios`.`deleted_at` IS NULL
AND `usuarios`.`id_usuario` = :usuarios.id_usuario:', [...], false)
 5 SYSTEMPATH\Model.php(182): CodeIgniter\Database\BaseBuilder->get()
 6 SYSTEMPATH\BaseModel.php(523): CodeIgniter\Model->doFind(true, '1')
 7 APPPATH\Controllers\Login.php(30): CodeIgniter\BaseModel->find('1')
 8 SYSTEMPATH\CodeIgniter.php(902): App\Controllers\Login->aute()
 9 SYSTEMPATH\CodeIgniter.php(457): CodeIgniter\CodeIgniter->runController(Object(App\Controllers\Login))
10 SYSTEMPATH\CodeIgniter.php(340): CodeIgniter\CodeIgniter->handleRequest(null, Object(Config\Cache), false)
11 FCPATH\index.php(67): CodeIgniter\CodeIgniter->run()
ERROR - 2022-10-31 08:27:02 --> mysqli_sql_exception: Table 'the_club.usuarios' doesn't exist in C:\wamp64\www\The_Club\system\Database\MySQLi\Connection.php:292
Stack trace:
#0 C:\wamp64\www\The_Club\system\Database\MySQLi\Connection.php(292): mysqli->query('SELECT *\nFROM `...', 0)
#1 C:\wamp64\www\The_Club\system\Database\BaseConnection.php(693): CodeIgniter\Database\MySQLi\Connection->execute('SELECT *\nFROM `...')
#2 C:\wamp64\www\The_Club\system\Database\BaseConnection.php(620): CodeIgniter\Database\BaseConnection->simpleQuery('SELECT *\nFROM `...')
#3 C:\wamp64\www\The_Club\system\Database\BaseBuilder.php(1585): CodeIgniter\Database\BaseConnection->query('SELECT *\nFROM `...', Array, false)
#4 C:\wamp64\www\The_Club\system\Model.php(182): CodeIgniter\Database\BaseBuilder->get()
#5 C:\wamp64\www\The_Club\system\BaseModel.php(523): CodeIgniter\Model->doFind(true, '1')
#6 C:\wamp64\www\The_Club\app\Controllers\Login.php(30): CodeIgniter\BaseModel->find('1')
#7 C:\wamp64\www\The_Club\system\CodeIgniter.php(902): App\Controllers\Login->aute()
#8 C:\wamp64\www\The_Club\system\CodeIgniter.php(457): CodeIgniter\CodeIgniter->runController(Object(App\Controllers\Login))
#9 C:\wamp64\www\The_Club\system\CodeIgniter.php(340): CodeIgniter\CodeIgniter->handleRequest(NULL, Object(Config\Cache), false)
#10 C:\wamp64\www\The_Club\index.php(67): CodeIgniter\CodeIgniter->run()
#11 {main}
CRITICAL - 2022-10-31 08:27:02 --> Table 'the_club.usuarios' doesn't exist
in SYSTEMPATH\Database\MySQLi\Connection.php on line 292.
 1 SYSTEMPATH\Database\MySQLi\Connection.php(292): mysqli->query('SELECT *
FROM `usuarios`
WHERE `usuarios`.`deleted_at` IS NULL
AND `usuarios`.`id_usuario` = \'1\'', 0)
 2 SYSTEMPATH\Database\BaseConnection.php(693): CodeIgniter\Database\MySQLi\Connection->execute('SELECT *
FROM `usuarios`
WHERE `usuarios`.`deleted_at` IS NULL
AND `usuarios`.`id_usuario` = \'1\'')
 3 SYSTEMPATH\Database\BaseConnection.php(620): CodeIgniter\Database\BaseConnection->simpleQuery('SELECT *
FROM `usuarios`
WHERE `usuarios`.`deleted_at` IS NULL
AND `usuarios`.`id_usuario` = \'1\'')
 4 SYSTEMPATH\Database\BaseBuilder.php(1585): CodeIgniter\Database\BaseConnection->query('SELECT *
FROM `usuarios`
WHERE `usuarios`.`deleted_at` IS NULL
AND `usuarios`.`id_usuario` = :usuarios.id_usuario:', [...], false)
 5 SYSTEMPATH\Model.php(182): CodeIgniter\Database\BaseBuilder->get()
 6 SYSTEMPATH\BaseModel.php(523): CodeIgniter\Model->doFind(true, '1')
 7 APPPATH\Controllers\Login.php(30): CodeIgniter\BaseModel->find('1')
 8 SYSTEMPATH\CodeIgniter.php(902): App\Controllers\Login->aute()
 9 SYSTEMPATH\CodeIgniter.php(457): CodeIgniter\CodeIgniter->runController(Object(App\Controllers\Login))
10 SYSTEMPATH\CodeIgniter.php(340): CodeIgniter\CodeIgniter->handleRequest(null, Object(Config\Cache), false)
11 FCPATH\index.php(67): CodeIgniter\CodeIgniter->run()
ERROR - 2022-10-31 08:27:03 --> mysqli_sql_exception: Table 'the_club.usuarios' doesn't exist in C:\wamp64\www\The_Club\system\Database\MySQLi\Connection.php:292
Stack trace:
#0 C:\wamp64\www\The_Club\system\Database\MySQLi\Connection.php(292): mysqli->query('SELECT *\nFROM `...', 0)
#1 C:\wamp64\www\The_Club\system\Database\BaseConnection.php(693): CodeIgniter\Database\MySQLi\Connection->execute('SELECT *\nFROM `...')
#2 C:\wamp64\www\The_Club\system\Database\BaseConnection.php(620): CodeIgniter\Database\BaseConnection->simpleQuery('SELECT *\nFROM `...')
#3 C:\wamp64\www\The_Club\system\Database\BaseBuilder.php(1585): CodeIgniter\Database\BaseConnection->query('SELECT *\nFROM `...', Array, false)
#4 C:\wamp64\www\The_Club\system\Model.php(182): CodeIgniter\Database\BaseBuilder->get()
#5 C:\wamp64\www\The_Club\system\BaseModel.php(523): CodeIgniter\Model->doFind(true, '1')
#6 C:\wamp64\www\The_Club\app\Controllers\Login.php(30): CodeIgniter\BaseModel->find('1')
#7 C:\wamp64\www\The_Club\system\CodeIgniter.php(902): App\Controllers\Login->aute()
#8 C:\wamp64\www\The_Club\system\CodeIgniter.php(457): CodeIgniter\CodeIgniter->runController(Object(App\Controllers\Login))
#9 C:\wamp64\www\The_Club\system\CodeIgniter.php(340): CodeIgniter\CodeIgniter->handleRequest(NULL, Object(Config\Cache), false)
#10 C:\wamp64\www\The_Club\index.php(67): CodeIgniter\CodeIgniter->run()
#11 {main}
CRITICAL - 2022-10-31 08:27:03 --> Table 'the_club.usuarios' doesn't exist
in SYSTEMPATH\Database\MySQLi\Connection.php on line 292.
 1 SYSTEMPATH\Database\MySQLi\Connection.php(292): mysqli->query('SELECT *
FROM `usuarios`
WHERE `usuarios`.`deleted_at` IS NULL
AND `usuarios`.`id_usuario` = \'1\'', 0)
 2 SYSTEMPATH\Database\BaseConnection.php(693): CodeIgniter\Database\MySQLi\Connection->execute('SELECT *
FROM `usuarios`
WHERE `usuarios`.`deleted_at` IS NULL
AND `usuarios`.`id_usuario` = \'1\'')
 3 SYSTEMPATH\Database\BaseConnection.php(620): CodeIgniter\Database\BaseConnection->simpleQuery('SELECT *
FROM `usuarios`
WHERE `usuarios`.`deleted_at` IS NULL
AND `usuarios`.`id_usuario` = \'1\'')
 4 SYSTEMPATH\Database\BaseBuilder.php(1585): CodeIgniter\Database\BaseConnection->query('SELECT *
FROM `usuarios`
WHERE `usuarios`.`deleted_at` IS NULL
AND `usuarios`.`id_usuario` = :usuarios.id_usuario:', [...], false)
 5 SYSTEMPATH\Model.php(182): CodeIgniter\Database\BaseBuilder->get()
 6 SYSTEMPATH\BaseModel.php(523): CodeIgniter\Model->doFind(true, '1')
 7 APPPATH\Controllers\Login.php(30): CodeIgniter\BaseModel->find('1')
 8 SYSTEMPATH\CodeIgniter.php(902): App\Controllers\Login->aute()
 9 SYSTEMPATH\CodeIgniter.php(457): CodeIgniter\CodeIgniter->runController(Object(App\Controllers\Login))
10 SYSTEMPATH\CodeIgniter.php(340): CodeIgniter\CodeIgniter->handleRequest(null, Object(Config\Cache), false)
11 FCPATH\index.php(67): CodeIgniter\CodeIgniter->run()
ERROR - 2022-10-31 08:44:40 --> mysqli_sql_exception: Unknown column 'torauser' in 'where clause' in C:\wamp64\www\The_Club\system\Database\MySQLi\Connection.php:292
Stack trace:
#0 C:\wamp64\www\The_Club\system\Database\MySQLi\Connection.php(292): mysqli->query('SELECT *\nFROM `...', 0)
#1 C:\wamp64\www\The_Club\system\Database\BaseConnection.php(693): CodeIgniter\Database\MySQLi\Connection->execute('SELECT *\nFROM `...')
#2 C:\wamp64\www\The_Club\system\Database\BaseConnection.php(620): CodeIgniter\Database\BaseConnection->simpleQuery('SELECT *\nFROM `...')
#3 C:\wamp64\www\The_Club\system\Database\BaseBuilder.php(1585): CodeIgniter\Database\BaseConnection->query('SELECT *\nFROM `...', Array, false)
#4 C:\wamp64\www\The_Club\system\Model.php(250): CodeIgniter\Database\BaseBuilder->get()
#5 C:\wamp64\www\The_Club\system\BaseModel.php(622): CodeIgniter\Model->doFirst()
#6 C:\wamp64\www\The_Club\app\Controllers\Login.php(30): CodeIgniter\BaseModel->first()
#7 C:\wamp64\www\The_Club\system\CodeIgniter.php(902): App\Controllers\Login->aute()
#8 C:\wamp64\www\The_Club\system\CodeIgniter.php(457): CodeIgniter\CodeIgniter->runController(Object(App\Controllers\Login))
#9 C:\wamp64\www\The_Club\system\CodeIgniter.php(340): CodeIgniter\CodeIgniter->handleRequest(NULL, Object(Config\Cache), false)
#10 C:\wamp64\www\The_Club\index.php(67): CodeIgniter\CodeIgniter->run()
#11 {main}
CRITICAL - 2022-10-31 08:44:40 --> Unknown column 'torauser' in 'where clause'
in SYSTEMPATH\Database\MySQLi\Connection.php on line 292.
 1 SYSTEMPATH\Database\MySQLi\Connection.php(292): mysqli->query('SELECT *
FROM `usuario`
WHERE pass = torauser
AND `usuario`.`deleted_at` IS NULL
 LIMIT 1', 0)
 2 SYSTEMPATH\Database\BaseConnection.php(693): CodeIgniter\Database\MySQLi\Connection->execute('SELECT *
FROM `usuario`
WHERE pass = torauser
AND `usuario`.`deleted_at` IS NULL
 LIMIT 1')
 3 SYSTEMPATH\Database\BaseConnection.php(620): CodeIgniter\Database\BaseConnection->simpleQuery('SELECT *
FROM `usuario`
WHERE pass = torauser
AND `usuario`.`deleted_at` IS NULL
 LIMIT 1')
 4 SYSTEMPATH\Database\BaseBuilder.php(1585): CodeIgniter\Database\BaseConnection->query('SELECT *
FROM `usuario`
WHERE pass = :pass:
AND `usuario`.`deleted_at` IS NULL
 LIMIT 1', [...], false)
 5 SYSTEMPATH\Model.php(250): CodeIgniter\Database\BaseBuilder->get()
 6 SYSTEMPATH\BaseModel.php(622): CodeIgniter\Model->doFirst()
 7 APPPATH\Controllers\Login.php(30): CodeIgniter\BaseModel->first()
 8 SYSTEMPATH\CodeIgniter.php(902): App\Controllers\Login->aute()
 9 SYSTEMPATH\CodeIgniter.php(457): CodeIgniter\CodeIgniter->runController(Object(App\Controllers\Login))
10 SYSTEMPATH\CodeIgniter.php(340): CodeIgniter\CodeIgniter->handleRequest(null, Object(Config\Cache), false)
11 FCPATH\index.php(67): CodeIgniter\CodeIgniter->run()
CRITICAL - 2022-10-31 09:32:57 --> Undefined variable: login
in APPPATH\Controllers\Home.php on line 12.
 1 APPPATH\Controllers\Home.php(12): CodeIgniter\Debug\Exceptions->errorHandler(8, 'Undefined variable: login', 'APPPATH\\Controllers\\Home.php', 12, [])
 2 SYSTEMPATH\CodeIgniter.php(864): App\Controllers\Home->__construct()
 3 SYSTEMPATH\CodeIgniter.php(448): CodeIgniter\CodeIgniter->createController()
 4 SYSTEMPATH\CodeIgniter.php(340): CodeIgniter\CodeIgniter->handleRequest(null, Object(Config\Cache), false)
 5 FCPATH\index.php(67): CodeIgniter\CodeIgniter->run()
CRITICAL - 2022-10-31 09:42:06 --> Undefined variable: login
in APPPATH\Controllers\Home.php on line 20.
 1 APPPATH\Controllers\Home.php(20): CodeIgniter\Debug\Exceptions->errorHandler(8, 'Undefined variable: login', 'APPPATH\\Controllers\\Home.php', 20, [])
 2 SYSTEMPATH\CodeIgniter.php(902): App\Controllers\Home->index()
 3 SYSTEMPATH\CodeIgniter.php(457): CodeIgniter\CodeIgniter->runController(Object(App\Controllers\Home))
 4 SYSTEMPATH\CodeIgniter.php(340): CodeIgniter\CodeIgniter->handleRequest(null, Object(Config\Cache), false)
 5 FCPATH\index.php(67): CodeIgniter\CodeIgniter->run()
CRITICAL - 2022-10-31 12:57:19 --> Undefined variable: error
in APPPATH\Views\login.php on line 25.
 1 APPPATH\Views\login.php(25): CodeIgniter\Debug\Exceptions->errorHandler(8, 'Undefined variable: error', 'APPPATH\\Views\\login.php', 25, [])
 2 SYSTEMPATH\View\View.php(213): include('APPPATH\\Views\\login.php')
 3 SYSTEMPATH\View\View.php(216): CodeIgniter\View\View->CodeIgniter\View\{closure}()
 4 SYSTEMPATH\Common.php(1142): CodeIgniter\View\View->render('login', [], true)
 5 APPPATH\Controllers\Login.php(21): view('login')
 6 SYSTEMPATH\CodeIgniter.php(902): App\Controllers\Login->index()
 7 SYSTEMPATH\CodeIgniter.php(457): CodeIgniter\CodeIgniter->runController(Object(App\Controllers\Login))
 8 SYSTEMPATH\CodeIgniter.php(340): CodeIgniter\CodeIgniter->handleRequest(null, Object(Config\Cache), false)
 9 FCPATH\index.php(67): CodeIgniter\CodeIgniter->run()
CRITICAL - 2022-10-31 12:58:03 --> syntax error, unexpected end of file
in APPPATH\Views\login.php on line 45.
 1 SYSTEMPATH\View\View.php(216): CodeIgniter\View\View->CodeIgniter\View\{closure}()
 2 SYSTEMPATH\Common.php(1142): CodeIgniter\View\View->render('login', [], true)
 3 APPPATH\Controllers\Login.php(21): view('login')
 4 SYSTEMPATH\CodeIgniter.php(902): App\Controllers\Login->index()
 5 SYSTEMPATH\CodeIgniter.php(457): CodeIgniter\CodeIgniter->runController(Object(App\Controllers\Login))
 6 SYSTEMPATH\CodeIgniter.php(340): CodeIgniter\CodeIgniter->handleRequest(null, Object(Config\Cache), false)
 7 FCPATH\index.php(67): CodeIgniter\CodeIgniter->run()
CRITICAL - 2022-10-31 12:59:11 --> Undefined variable: error
in APPPATH\Views\login.php on line 27.
 1 APPPATH\Views\login.php(27): CodeIgniter\Debug\Exceptions->errorHandler(8, 'Undefined variable: error', 'APPPATH\\Views\\login.php', 27, [])
 2 SYSTEMPATH\View\View.php(213): include('APPPATH\\Views\\login.php')
 3 SYSTEMPATH\View\View.php(216): CodeIgniter\View\View->CodeIgniter\View\{closure}()
 4 SYSTEMPATH\Common.php(1142): CodeIgniter\View\View->render('login', [], true)
 5 APPPATH\Controllers\Login.php(21): view('login')
 6 SYSTEMPATH\CodeIgniter.php(902): App\Controllers\Login->index()
 7 SYSTEMPATH\CodeIgniter.php(457): CodeIgniter\CodeIgniter->runController(Object(App\Controllers\Login))
 8 SYSTEMPATH\CodeIgniter.php(340): CodeIgniter\CodeIgniter->handleRequest(null, Object(Config\Cache), false)
 9 FCPATH\index.php(67): CodeIgniter\CodeIgniter->run()
CRITICAL - 2022-10-31 12:59:12 --> Undefined variable: error
in APPPATH\Views\login.php on line 27.
 1 APPPATH\Views\login.php(27): CodeIgniter\Debug\Exceptions->errorHandler(8, 'Undefined variable: error', 'APPPATH\\Views\\login.php', 27, [])
 2 SYSTEMPATH\View\View.php(213): include('APPPATH\\Views\\login.php')
 3 SYSTEMPATH\View\View.php(216): CodeIgniter\View\View->CodeIgniter\View\{closure}()
 4 SYSTEMPATH\Common.php(1142): CodeIgniter\View\View->render('login', [], true)
 5 APPPATH\Controllers\Login.php(21): view('login')
 6 SYSTEMPATH\CodeIgniter.php(902): App\Controllers\Login->index()
 7 SYSTEMPATH\CodeIgniter.php(457): CodeIgniter\CodeIgniter->runController(Object(App\Controllers\Login))
 8 SYSTEMPATH\CodeIgniter.php(340): CodeIgniter\CodeIgniter->handleRequest(null, Object(Config\Cache), false)
 9 FCPATH\index.php(67): CodeIgniter\CodeIgniter->run()
CRITICAL - 2022-10-31 12:59:13 --> Undefined variable: error
in APPPATH\Views\login.php on line 27.
 1 APPPATH\Views\login.php(27): CodeIgniter\Debug\Exceptions->errorHandler(8, 'Undefined variable: error', 'APPPATH\\Views\\login.php', 27, [])
 2 SYSTEMPATH\View\View.php(213): include('APPPATH\\Views\\login.php')
 3 SYSTEMPATH\View\View.php(216): CodeIgniter\View\View->CodeIgniter\View\{closure}()
 4 SYSTEMPATH\Common.php(1142): CodeIgniter\View\View->render('login', [], true)
 5 APPPATH\Controllers\Login.php(21): view('login')
 6 SYSTEMPATH\CodeIgniter.php(902): App\Controllers\Login->index()
 7 SYSTEMPATH\CodeIgniter.php(457): CodeIgniter\CodeIgniter->runController(Object(App\Controllers\Login))
 8 SYSTEMPATH\CodeIgniter.php(340): CodeIgniter\CodeIgniter->handleRequest(null, Object(Config\Cache), false)
 9 FCPATH\index.php(67): CodeIgniter\CodeIgniter->run()
CRITICAL - 2022-10-31 12:59:24 --> Undefined variable: error
in APPPATH\Views\login.php on line 27.
 1 APPPATH\Views\login.php(27): CodeIgniter\Debug\Exceptions->errorHandler(8, 'Undefined variable: error', 'APPPATH\\Views\\login.php', 27, [])
 2 SYSTEMPATH\View\View.php(213): include('APPPATH\\Views\\login.php')
 3 SYSTEMPATH\View\View.php(216): CodeIgniter\View\View->CodeIgniter\View\{closure}()
 4 SYSTEMPATH\Common.php(1142): CodeIgniter\View\View->render('login', [], true)
 5 APPPATH\Controllers\Login.php(21): view('login')
 6 SYSTEMPATH\CodeIgniter.php(902): App\Controllers\Login->index()
 7 SYSTEMPATH\CodeIgniter.php(457): CodeIgniter\CodeIgniter->runController(Object(App\Controllers\Login))
 8 SYSTEMPATH\CodeIgniter.php(340): CodeIgniter\CodeIgniter->handleRequest(null, Object(Config\Cache), false)
 9 FCPATH\index.php(67): CodeIgniter\CodeIgniter->run()
CRITICAL - 2022-10-31 13:11:52 --> Call to undefined function App\Controllers\var_domp()
in APPPATH\Controllers\Home.php on line 21.
 1 SYSTEMPATH\CodeIgniter.php(902): App\Controllers\Home->index()
 2 SYSTEMPATH\CodeIgniter.php(457): CodeIgniter\CodeIgniter->runController(Object(App\Controllers\Home))
 3 SYSTEMPATH\CodeIgniter.php(340): CodeIgniter\CodeIgniter->handleRequest(null, Object(Config\Cache), false)
 4 FCPATH\index.php(67): CodeIgniter\CodeIgniter->run()
