CRITICAL - 2022-11-03 06:36:01 --> Undefined variable: usuario
in APPPATH\Views\estructura\sidebar.php on line 38.
 1 APPPATH\Views\estructura\sidebar.php(38): CodeIgniter\Debug\Exceptions->errorHandler(8, 'Undefined variable: usuario', 'APPPATH\\Views\\estructura\\sidebar.php', 38, [])
 2 SYSTEMPATH\View\View.php(213): include('APPPATH\\Views\\estructura\\sidebar.php')
 3 SYSTEMPATH\View\View.php(216): CodeIgniter\View\View->CodeIgniter\View\{closure}()
 4 SYSTEMPATH\Common.php(1142): CodeIgniter\View\View->render('estructura/sidebar', [], true)
 5 APPPATH\Controllers\Home.php(23): view('estructura/sidebar')
 6 SYSTEMPATH\CodeIgniter.php(902): App\Controllers\Home->index()
 7 SYSTEMPATH\CodeIgniter.php(457): CodeIgniter\CodeIgniter->runController(Object(App\Controllers\Home))
 8 SYSTEMPATH\CodeIgniter.php(340): CodeIgniter\CodeIgniter->handleRequest(null, Object(Config\Cache), false)
 9 FCPATH\index.php(67): CodeIgniter\CodeIgniter->run()
CRITICAL - 2022-11-03 06:39:30 --> Undefined variable: usuario
in APPPATH\Views\estructura\sidebar.php on line 38.
 1 APPPATH\Views\estructura\sidebar.php(38): CodeIgniter\Debug\Exceptions->errorHandler(8, 'Undefined variable: usuario', 'APPPATH\\Views\\estructura\\sidebar.php', 38, [])
 2 SYSTEMPATH\View\View.php(213): include('APPPATH\\Views\\estructura\\sidebar.php')
 3 SYSTEMPATH\View\View.php(216): CodeIgniter\View\View->CodeIgniter\View\{closure}()
 4 SYSTEMPATH\Common.php(1142): CodeIgniter\View\View->render('estructura/sidebar', [], true)
 5 APPPATH\Controllers\Home.php(23): view('estructura/sidebar')
 6 SYSTEMPATH\CodeIgniter.php(902): App\Controllers\Home->index()
 7 SYSTEMPATH\CodeIgniter.php(457): CodeIgniter\CodeIgniter->runController(Object(App\Controllers\Home))
 8 SYSTEMPATH\CodeIgniter.php(340): CodeIgniter\CodeIgniter->handleRequest(null, Object(Config\Cache), false)
 9 FCPATH\index.php(67): CodeIgniter\CodeIgniter->run()
CRITICAL - 2022-11-03 06:39:33 --> Undefined variable: usuario
in APPPATH\Views\estructura\sidebar.php on line 38.
 1 APPPATH\Views\estructura\sidebar.php(38): CodeIgniter\Debug\Exceptions->errorHandler(8, 'Undefined variable: usuario', 'APPPATH\\Views\\estructura\\sidebar.php', 38, [])
 2 SYSTEMPATH\View\View.php(213): include('APPPATH\\Views\\estructura\\sidebar.php')
 3 SYSTEMPATH\View\View.php(216): CodeIgniter\View\View->CodeIgniter\View\{closure}()
 4 SYSTEMPATH\Common.php(1142): CodeIgniter\View\View->render('estructura/sidebar', [], true)
 5 APPPATH\Controllers\Home.php(23): view('estructura/sidebar')
 6 SYSTEMPATH\CodeIgniter.php(902): App\Controllers\Home->index()
 7 SYSTEMPATH\CodeIgniter.php(457): CodeIgniter\CodeIgniter->runController(Object(App\Controllers\Home))
 8 SYSTEMPATH\CodeIgniter.php(340): CodeIgniter\CodeIgniter->handleRequest(null, Object(Config\Cache), false)
 9 FCPATH\index.php(67): CodeIgniter\CodeIgniter->run()
CRITICAL - 2022-11-03 06:39:55 --> Undefined variable: usuario
in APPPATH\Views\estructura\sidebar.php on line 38.
 1 APPPATH\Views\estructura\sidebar.php(38): CodeIgniter\Debug\Exceptions->errorHandler(8, 'Undefined variable: usuario', 'APPPATH\\Views\\estructura\\sidebar.php', 38, [])
 2 SYSTEMPATH\View\View.php(213): include('APPPATH\\Views\\estructura\\sidebar.php')
 3 SYSTEMPATH\View\View.php(216): CodeIgniter\View\View->CodeIgniter\View\{closure}()
 4 SYSTEMPATH\Common.php(1142): CodeIgniter\View\View->render('estructura/sidebar', [], true)
 5 APPPATH\Controllers\Home.php(23): view('estructura/sidebar')
 6 SYSTEMPATH\CodeIgniter.php(902): App\Controllers\Home->index()
 7 SYSTEMPATH\CodeIgniter.php(457): CodeIgniter\CodeIgniter->runController(Object(App\Controllers\Home))
 8 SYSTEMPATH\CodeIgniter.php(340): CodeIgniter\CodeIgniter->handleRequest(null, Object(Config\Cache), false)
 9 FCPATH\index.php(67): CodeIgniter\CodeIgniter->run()
CRITICAL - 2022-11-03 06:40:07 --> Undefined variable: usuario
in APPPATH\Views\estructura\sidebar.php on line 38.
 1 APPPATH\Views\estructura\sidebar.php(38): CodeIgniter\Debug\Exceptions->errorHandler(8, 'Undefined variable: usuario', 'APPPATH\\Views\\estructura\\sidebar.php', 38, [])
 2 SYSTEMPATH\View\View.php(213): include('APPPATH\\Views\\estructura\\sidebar.php')
 3 SYSTEMPATH\View\View.php(216): CodeIgniter\View\View->CodeIgniter\View\{closure}()
 4 SYSTEMPATH\Common.php(1142): CodeIgniter\View\View->render('estructura/sidebar', [], true)
 5 APPPATH\Controllers\Utileria.php(21): view('estructura/sidebar')
 6 SYSTEMPATH\CodeIgniter.php(902): App\Controllers\Utileria->index()
 7 SYSTEMPATH\CodeIgniter.php(457): CodeIgniter\CodeIgniter->runController(Object(App\Controllers\Utileria))
 8 SYSTEMPATH\CodeIgniter.php(340): CodeIgniter\CodeIgniter->handleRequest(null, Object(Config\Cache), false)
 9 FCPATH\index.php(67): CodeIgniter\CodeIgniter->run()
CRITICAL - 2022-11-03 06:42:36 --> Undefined variable: usuario
in APPPATH\Views\estructura\sidebar.php on line 38.
 1 APPPATH\Views\estructura\sidebar.php(38): CodeIgniter\Debug\Exceptions->errorHandler(8, 'Undefined variable: usuario', 'APPPATH\\Views\\estructura\\sidebar.php', 38, [])
 2 SYSTEMPATH\View\View.php(213): include('APPPATH\\Views\\estructura\\sidebar.php')
 3 SYSTEMPATH\View\View.php(216): CodeIgniter\View\View->CodeIgniter\View\{closure}()
 4 SYSTEMPATH\Common.php(1142): CodeIgniter\View\View->render('estructura/sidebar', [], true)
 5 APPPATH\Controllers\Utileria.php(21): view('estructura/sidebar')
 6 SYSTEMPATH\CodeIgniter.php(902): App\Controllers\Utileria->index()
 7 SYSTEMPATH\CodeIgniter.php(457): CodeIgniter\CodeIgniter->runController(Object(App\Controllers\Utileria))
 8 SYSTEMPATH\CodeIgniter.php(340): CodeIgniter\CodeIgniter->handleRequest(null, Object(Config\Cache), false)
 9 FCPATH\index.php(67): CodeIgniter\CodeIgniter->run()
CRITICAL - 2022-11-03 06:44:31 --> Undefined variable: usuario
in APPPATH\Views\estructura\sidebar.php on line 38.
 1 APPPATH\Views\estructura\sidebar.php(38): CodeIgniter\Debug\Exceptions->errorHandler(8, 'Undefined variable: usuario', 'APPPATH\\Views\\estructura\\sidebar.php', 38, [])
 2 SYSTEMPATH\View\View.php(213): include('APPPATH\\Views\\estructura\\sidebar.php')
 3 SYSTEMPATH\View\View.php(216): CodeIgniter\View\View->CodeIgniter\View\{closure}()
 4 SYSTEMPATH\Common.php(1142): CodeIgniter\View\View->render('estructura/sidebar', [], true)
 5 APPPATH\Controllers\Utileria.php(21): view('estructura/sidebar')
 6 SYSTEMPATH\CodeIgniter.php(902): App\Controllers\Utileria->index()
 7 SYSTEMPATH\CodeIgniter.php(457): CodeIgniter\CodeIgniter->runController(Object(App\Controllers\Utileria))
 8 SYSTEMPATH\CodeIgniter.php(340): CodeIgniter\CodeIgniter->handleRequest(null, Object(Config\Cache), false)
 9 FCPATH\index.php(67): CodeIgniter\CodeIgniter->run()
CRITICAL - 2022-11-03 06:44:36 --> Undefined variable: usuario
in APPPATH\Views\estructura\sidebar.php on line 38.
 1 APPPATH\Views\estructura\sidebar.php(38): CodeIgniter\Debug\Exceptions->errorHandler(8, 'Undefined variable: usuario', 'APPPATH\\Views\\estructura\\sidebar.php', 38, [...])
 2 SYSTEMPATH\View\View.php(213): include('APPPATH\\Views\\estructura\\sidebar.php')
 3 SYSTEMPATH\View\View.php(216): CodeIgniter\View\View->CodeIgniter\View\{closure}()
 4 SYSTEMPATH\Common.php(1142): CodeIgniter\View\View->render('estructura/sidebar', [], true)
 5 APPPATH\Controllers\Home.php(23): view('estructura/sidebar', [...])
 6 SYSTEMPATH\CodeIgniter.php(902): App\Controllers\Home->index()
 7 SYSTEMPATH\CodeIgniter.php(457): CodeIgniter\CodeIgniter->runController(Object(App\Controllers\Home))
 8 SYSTEMPATH\CodeIgniter.php(340): CodeIgniter\CodeIgniter->handleRequest(null, Object(Config\Cache), false)
 9 FCPATH\index.php(67): CodeIgniter\CodeIgniter->run()
CRITICAL - 2022-11-03 06:46:54 --> Undefined variable: usuario
in APPPATH\Views\estructura\sidebar.php on line 38.
 1 APPPATH\Views\estructura\sidebar.php(38): CodeIgniter\Debug\Exceptions->errorHandler(8, 'Undefined variable: usuario', 'APPPATH\\Views\\estructura\\sidebar.php', 38, [...])
 2 SYSTEMPATH\View\View.php(213): include('APPPATH\\Views\\estructura\\sidebar.php')
 3 SYSTEMPATH\View\View.php(216): CodeIgniter\View\View->CodeIgniter\View\{closure}()
 4 SYSTEMPATH\Common.php(1142): CodeIgniter\View\View->render('estructura/sidebar', [], true)
 5 APPPATH\Controllers\Home.php(23): view('estructura/sidebar', [...])
 6 SYSTEMPATH\CodeIgniter.php(902): App\Controllers\Home->index()
 7 SYSTEMPATH\CodeIgniter.php(457): CodeIgniter\CodeIgniter->runController(Object(App\Controllers\Home))
 8 SYSTEMPATH\CodeIgniter.php(340): CodeIgniter\CodeIgniter->handleRequest(null, Object(Config\Cache), false)
 9 FCPATH\index.php(67): CodeIgniter\CodeIgniter->run()
CRITICAL - 2022-11-03 06:46:57 --> Undefined variable: usuario
in APPPATH\Views\estructura\sidebar.php on line 38.
 1 APPPATH\Views\estructura\sidebar.php(38): CodeIgniter\Debug\Exceptions->errorHandler(8, 'Undefined variable: usuario', 'APPPATH\\Views\\estructura\\sidebar.php', 38, [...])
 2 SYSTEMPATH\View\View.php(213): include('APPPATH\\Views\\estructura\\sidebar.php')
 3 SYSTEMPATH\View\View.php(216): CodeIgniter\View\View->CodeIgniter\View\{closure}()
 4 SYSTEMPATH\Common.php(1142): CodeIgniter\View\View->render('estructura/sidebar', [], true)
 5 APPPATH\Controllers\Home.php(25): view('estructura/sidebar', [...])
 6 SYSTEMPATH\CodeIgniter.php(902): App\Controllers\Home->index()
 7 SYSTEMPATH\CodeIgniter.php(457): CodeIgniter\CodeIgniter->runController(Object(App\Controllers\Home))
 8 SYSTEMPATH\CodeIgniter.php(340): CodeIgniter\CodeIgniter->handleRequest(null, Object(Config\Cache), false)
 9 FCPATH\index.php(67): CodeIgniter\CodeIgniter->run()
CRITICAL - 2022-11-03 06:47:34 --> Undefined variable: usuario
in APPPATH\Views\estructura\sidebar.php on line 38.
 1 APPPATH\Views\estructura\sidebar.php(38): CodeIgniter\Debug\Exceptions->errorHandler(8, 'Undefined variable: usuario', 'APPPATH\\Views\\estructura\\sidebar.php', 38, [...])
 2 SYSTEMPATH\View\View.php(213): include('APPPATH\\Views\\estructura\\sidebar.php')
 3 SYSTEMPATH\View\View.php(216): CodeIgniter\View\View->CodeIgniter\View\{closure}()
 4 SYSTEMPATH\Common.php(1142): CodeIgniter\View\View->render('estructura/sidebar', [], true)
 5 APPPATH\Controllers\Home.php(26): view('estructura/sidebar', [...])
 6 SYSTEMPATH\CodeIgniter.php(902): App\Controllers\Home->index()
 7 SYSTEMPATH\CodeIgniter.php(457): CodeIgniter\CodeIgniter->runController(Object(App\Controllers\Home))
 8 SYSTEMPATH\CodeIgniter.php(340): CodeIgniter\CodeIgniter->handleRequest(null, Object(Config\Cache), false)
 9 FCPATH\index.php(67): CodeIgniter\CodeIgniter->run()
CRITICAL - 2022-11-03 06:48:40 --> Undefined variable: usuario
in APPPATH\Views\estructura\sidebar.php on line 38.
 1 APPPATH\Views\estructura\sidebar.php(38): CodeIgniter\Debug\Exceptions->errorHandler(8, 'Undefined variable: usuario', 'APPPATH\\Views\\estructura\\sidebar.php', 38, [...])
 2 SYSTEMPATH\View\View.php(213): include('APPPATH\\Views\\estructura\\sidebar.php')
 3 SYSTEMPATH\View\View.php(216): CodeIgniter\View\View->CodeIgniter\View\{closure}()
 4 SYSTEMPATH\Common.php(1142): CodeIgniter\View\View->render('estructura/sidebar', [], true)
 5 APPPATH\Controllers\Home.php(26): view('estructura/sidebar', [...])
 6 SYSTEMPATH\CodeIgniter.php(902): App\Controllers\Home->index()
 7 SYSTEMPATH\CodeIgniter.php(457): CodeIgniter\CodeIgniter->runController(Object(App\Controllers\Home))
 8 SYSTEMPATH\CodeIgniter.php(340): CodeIgniter\CodeIgniter->handleRequest(null, Object(Config\Cache), false)
 9 FCPATH\index.php(67): CodeIgniter\CodeIgniter->run()
CRITICAL - 2022-11-03 06:49:22 --> Undefined variable: rol
in APPPATH\Views\estructura\sidebar.php on line 38.
 1 APPPATH\Views\estructura\sidebar.php(38): CodeIgniter\Debug\Exceptions->errorHandler(8, 'Undefined variable: rol', 'APPPATH\\Views\\estructura\\sidebar.php', 38, [])
 2 SYSTEMPATH\View\View.php(213): include('APPPATH\\Views\\estructura\\sidebar.php')
 3 SYSTEMPATH\View\View.php(216): CodeIgniter\View\View->CodeIgniter\View\{closure}()
 4 SYSTEMPATH\Common.php(1142): CodeIgniter\View\View->render('estructura/sidebar', [], true)
 5 APPPATH\Controllers\Utileria.php(21): view('estructura/sidebar')
 6 SYSTEMPATH\CodeIgniter.php(902): App\Controllers\Utileria->index()
 7 SYSTEMPATH\CodeIgniter.php(457): CodeIgniter\CodeIgniter->runController(Object(App\Controllers\Utileria))
 8 SYSTEMPATH\CodeIgniter.php(340): CodeIgniter\CodeIgniter->handleRequest(null, Object(Config\Cache), false)
 9 FCPATH\index.php(67): CodeIgniter\CodeIgniter->run()
CRITICAL - 2022-11-03 06:53:24 --> Undefined variable: rol
in APPPATH\Views\estructura\sidebar.php on line 38.
 1 APPPATH\Views\estructura\sidebar.php(38): CodeIgniter\Debug\Exceptions->errorHandler(8, 'Undefined variable: rol', 'APPPATH\\Views\\estructura\\sidebar.php', 38, [])
 2 SYSTEMPATH\View\View.php(213): include('APPPATH\\Views\\estructura\\sidebar.php')
 3 SYSTEMPATH\View\View.php(216): CodeIgniter\View\View->CodeIgniter\View\{closure}()
 4 SYSTEMPATH\Common.php(1142): CodeIgniter\View\View->render('estructura/sidebar', [], true)
 5 APPPATH\Controllers\Utileria.php(21): view('estructura/sidebar')
 6 SYSTEMPATH\CodeIgniter.php(902): App\Controllers\Utileria->index()
 7 SYSTEMPATH\CodeIgniter.php(457): CodeIgniter\CodeIgniter->runController(Object(App\Controllers\Utileria))
 8 SYSTEMPATH\CodeIgniter.php(340): CodeIgniter\CodeIgniter->handleRequest(null, Object(Config\Cache), false)
 9 FCPATH\index.php(67): CodeIgniter\CodeIgniter->run()
CRITICAL - 2022-11-03 07:09:23 --> Undefined variable: rol
in APPPATH\Views\estructura\sidebar.php on line 23.
 1 APPPATH\Views\estructura\sidebar.php(23): CodeIgniter\Debug\Exceptions->errorHandler(8, 'Undefined variable: rol', 'APPPATH\\Views\\estructura\\sidebar.php', 23, [])
 2 SYSTEMPATH\View\View.php(213): include('APPPATH\\Views\\estructura\\sidebar.php')
 3 SYSTEMPATH\View\View.php(216): CodeIgniter\View\View->CodeIgniter\View\{closure}()
 4 SYSTEMPATH\Common.php(1142): CodeIgniter\View\View->render('estructura/sidebar', [], true)
 5 APPPATH\Controllers\Utileria.php(21): view('estructura/sidebar')
 6 SYSTEMPATH\CodeIgniter.php(902): App\Controllers\Utileria->index()
 7 SYSTEMPATH\CodeIgniter.php(457): CodeIgniter\CodeIgniter->runController(Object(App\Controllers\Utileria))
 8 SYSTEMPATH\CodeIgniter.php(340): CodeIgniter\CodeIgniter->handleRequest(null, Object(Config\Cache), false)
 9 FCPATH\index.php(67): CodeIgniter\CodeIgniter->run()
CRITICAL - 2022-11-03 07:18:14 --> Undefined variable: rol
in APPPATH\Views\estructura\sidebar.php on line 23.
 1 APPPATH\Views\estructura\sidebar.php(23): CodeIgniter\Debug\Exceptions->errorHandler(8, 'Undefined variable: rol', 'APPPATH\\Views\\estructura\\sidebar.php', 23, [])
 2 SYSTEMPATH\View\View.php(213): include('APPPATH\\Views\\estructura\\sidebar.php')
 3 SYSTEMPATH\View\View.php(216): CodeIgniter\View\View->CodeIgniter\View\{closure}()
 4 SYSTEMPATH\Common.php(1142): CodeIgniter\View\View->render('estructura/sidebar', [], true)
 5 APPPATH\Controllers\Utileria.php(21): view('estructura/sidebar')
 6 SYSTEMPATH\CodeIgniter.php(902): App\Controllers\Utileria->index()
 7 SYSTEMPATH\CodeIgniter.php(457): CodeIgniter\CodeIgniter->runController(Object(App\Controllers\Utileria))
 8 SYSTEMPATH\CodeIgniter.php(340): CodeIgniter\CodeIgniter->handleRequest(null, Object(Config\Cache), false)
 9 FCPATH\index.php(67): CodeIgniter\CodeIgniter->run()
CRITICAL - 2022-11-03 07:19:54 --> Undefined variable: rol
in APPPATH\Views\estructura\sidebar.php on line 23.
 1 APPPATH\Views\estructura\sidebar.php(23): CodeIgniter\Debug\Exceptions->errorHandler(8, 'Undefined variable: rol', 'APPPATH\\Views\\estructura\\sidebar.php', 23, [])
 2 SYSTEMPATH\View\View.php(213): include('APPPATH\\Views\\estructura\\sidebar.php')
 3 SYSTEMPATH\View\View.php(216): CodeIgniter\View\View->CodeIgniter\View\{closure}()
 4 SYSTEMPATH\Common.php(1142): CodeIgniter\View\View->render('estructura/sidebar', [], true)
 5 APPPATH\Controllers\Utileria.php(21): view('estructura/sidebar')
 6 SYSTEMPATH\CodeIgniter.php(902): App\Controllers\Utileria->index()
 7 SYSTEMPATH\CodeIgniter.php(457): CodeIgniter\CodeIgniter->runController(Object(App\Controllers\Utileria))
 8 SYSTEMPATH\CodeIgniter.php(340): CodeIgniter\CodeIgniter->handleRequest(null, Object(Config\Cache), false)
 9 FCPATH\index.php(67): CodeIgniter\CodeIgniter->run()
