CRITICAL - 2022-10-22 18:40:28 --> Undefined variable: nombre
in APPPATH\Views\socios.php on line 29.
 1 APPPATH\Views\socios.php(29): CodeIgniter\Debug\Exceptions->errorHandler(8, 'Undefined variable: nombre', 'APPPATH\\Views\\socios.php', 29, [])
 2 SYSTEMPATH\View\View.php(213): include('APPPATH\\Views\\socios.php')
 3 SYSTEMPATH\View\View.php(216): CodeIgniter\View\View->CodeIgniter\View\{closure}()
 4 SYSTEMPATH\Common.php(1142): CodeIgniter\View\View->render('socios', [], true)
 5 APPPATH\Controllers\Socios.php(14): view('socios', [...])
 6 SYSTEMPATH\CodeIgniter.php(902): App\Controllers\Socios->index()
 7 SYSTEMPATH\CodeIgniter.php(457): CodeIgniter\CodeIgniter->runController(Object(App\Controllers\Socios))
 8 SYSTEMPATH\CodeIgniter.php(340): CodeIgniter\CodeIgniter->handleRequest(null, Object(Config\Cache), false)
 9 FCPATH\index.php(67): CodeIgniter\CodeIgniter->run()
CRITICAL - 2022-10-22 18:52:52 --> Undefined variable: socio
in APPPATH\Views\socios.php on line 29.
 1 APPPATH\Views\socios.php(29): CodeIgniter\Debug\Exceptions->errorHandler(8, 'Undefined variable: socio', 'APPPATH\\Views\\socios.php', 29, [...])
 2 SYSTEMPATH\View\View.php(213): include('APPPATH\\Views\\socios.php')
 3 SYSTEMPATH\View\View.php(216): CodeIgniter\View\View->CodeIgniter\View\{closure}()
 4 SYSTEMPATH\Common.php(1142): CodeIgniter\View\View->render('socios', [], true)
 5 APPPATH\Controllers\Socios.php(14): view('socios', [...])
 6 SYSTEMPATH\CodeIgniter.php(902): App\Controllers\Socios->index()
 7 SYSTEMPATH\CodeIgniter.php(457): CodeIgniter\CodeIgniter->runController(Object(App\Controllers\Socios))
 8 SYSTEMPATH\CodeIgniter.php(340): CodeIgniter\CodeIgniter->handleRequest(null, Object(Config\Cache), false)
 9 FCPATH\index.php(67): CodeIgniter\CodeIgniter->run()
CRITICAL - 2022-10-22 18:53:12 --> Undefined variable: socio
in APPPATH\Views\socios.php on line 29.
 1 APPPATH\Views\socios.php(29): CodeIgniter\Debug\Exceptions->errorHandler(8, 'Undefined variable: socio', 'APPPATH\\Views\\socios.php', 29, [...])
 2 SYSTEMPATH\View\View.php(213): include('APPPATH\\Views\\socios.php')
 3 SYSTEMPATH\View\View.php(216): CodeIgniter\View\View->CodeIgniter\View\{closure}()
 4 SYSTEMPATH\Common.php(1142): CodeIgniter\View\View->render('socios', [], true)
 5 APPPATH\Controllers\Socios.php(14): view('socios', [...])
 6 SYSTEMPATH\CodeIgniter.php(902): App\Controllers\Socios->index()
 7 SYSTEMPATH\CodeIgniter.php(457): CodeIgniter\CodeIgniter->runController(Object(App\Controllers\Socios))
 8 SYSTEMPATH\CodeIgniter.php(340): CodeIgniter\CodeIgniter->handleRequest(null, Object(Config\Cache), false)
 9 FCPATH\index.php(67): CodeIgniter\CodeIgniter->run()
CRITICAL - 2022-10-22 19:35:15 --> Undefined variable: socios
in APPPATH\Views\socios.php on line 29.
 1 APPPATH\Views\socios.php(29): CodeIgniter\Debug\Exceptions->errorHandler(8, 'Undefined variable: socios', 'APPPATH\\Views\\socios.php', 29, [])
 2 SYSTEMPATH\View\View.php(213): include('APPPATH\\Views\\socios.php')
 3 SYSTEMPATH\View\View.php(216): CodeIgniter\View\View->CodeIgniter\View\{closure}()
 4 SYSTEMPATH\Common.php(1142): CodeIgniter\View\View->render('socios', [], true)
 5 APPPATH\Controllers\Socios.php(14): view('socios', [])
 6 SYSTEMPATH\CodeIgniter.php(902): App\Controllers\Socios->index()
 7 SYSTEMPATH\CodeIgniter.php(457): CodeIgniter\CodeIgniter->runController(Object(App\Controllers\Socios))
 8 SYSTEMPATH\CodeIgniter.php(340): CodeIgniter\CodeIgniter->handleRequest(null, Object(Config\Cache), false)
 9 FCPATH\index.php(67): CodeIgniter\CodeIgniter->run()
ERROR - 2022-10-22 22:05:27 --> mysqli_sql_exception: Column 'nombre' cannot be null in C:\wamp64\www\The_Club\system\Database\MySQLi\Connection.php:292
Stack trace:
#0 C:\wamp64\www\The_Club\system\Database\MySQLi\Connection.php(292): mysqli->query('INSERT INTO `so...', 0)
#1 C:\wamp64\www\The_Club\system\Database\BaseConnection.php(693): CodeIgniter\Database\MySQLi\Connection->execute('INSERT INTO `so...')
#2 C:\wamp64\www\The_Club\system\Database\BaseConnection.php(620): CodeIgniter\Database\BaseConnection->simpleQuery('INSERT INTO `so...')
#3 C:\wamp64\www\The_Club\system\Database\BaseBuilder.php(1916): CodeIgniter\Database\BaseConnection->query('INSERT INTO `so...', Array, false)
#4 C:\wamp64\www\The_Club\system\Model.php(279): CodeIgniter\Database\BaseBuilder->insert()
#5 C:\wamp64\www\The_Club\system\BaseModel.php(748): CodeIgniter\Model->doInsert(Array)
#6 C:\wamp64\www\The_Club\system\Model.php(667): CodeIgniter\BaseModel->insert(Array, true)
#7 C:\wamp64\www\The_Club\app\Controllers\Socios.php(30): CodeIgniter\Model->insert(Array)
#8 C:\wamp64\www\The_Club\system\CodeIgniter.php(902): App\Controllers\Socios->add()
#9 C:\wamp64\www\The_Club\system\CodeIgniter.php(457): CodeIgniter\CodeIgniter->runController(Object(App\Controllers\Socios))
#10 C:\wamp64\www\The_Club\system\CodeIgniter.php(340): CodeIgniter\CodeIgniter->handleRequest(NULL, Object(Config\Cache), false)
#11 C:\wamp64\www\The_Club\index.php(67): CodeIgniter\CodeIgniter->run()
#12 {main}
CRITICAL - 2022-10-22 22:05:27 --> Column 'nombre' cannot be null
in SYSTEMPATH\Database\MySQLi\Connection.php on line 292.
 1 SYSTEMPATH\Database\MySQLi\Connection.php(292): mysqli->query('INSERT INTO `socio` (`nombre`, `apellido`, `documento`, `celular`) VALUES (NULL, NULL, NULL, NULL)', 0)
 2 SYSTEMPATH\Database\BaseConnection.php(693): CodeIgniter\Database\MySQLi\Connection->execute('INSERT INTO `socio` (`nombre`, `apellido`, `documento`, `celular`) VALUES (NULL, NULL, NULL, NULL)')
 3 SYSTEMPATH\Database\BaseConnection.php(620): CodeIgniter\Database\BaseConnection->simpleQuery('INSERT INTO `socio` (`nombre`, `apellido`, `documento`, `celular`) VALUES (NULL, NULL, NULL, NULL)')
 4 SYSTEMPATH\Database\BaseBuilder.php(1916): CodeIgniter\Database\BaseConnection->query('INSERT INTO `socio` (`nombre`, `apellido`, `documento`, `celular`) VALUES (:nombre:, :apellido:, :documento:, :celular:)', [...], false)
 5 SYSTEMPATH\Model.php(279): CodeIgniter\Database\BaseBuilder->insert()
 6 SYSTEMPATH\BaseModel.php(748): CodeIgniter\Model->doInsert([...])
 7 SYSTEMPATH\Model.php(667): CodeIgniter\BaseModel->insert([...], true)
 8 APPPATH\Controllers\Socios.php(30): CodeIgniter\Model->insert([...])
 9 SYSTEMPATH\CodeIgniter.php(902): App\Controllers\Socios->add()
10 SYSTEMPATH\CodeIgniter.php(457): CodeIgniter\CodeIgniter->runController(Object(App\Controllers\Socios))
11 SYSTEMPATH\CodeIgniter.php(340): CodeIgniter\CodeIgniter->handleRequest(null, Object(Config\Cache), false)
12 FCPATH\index.php(67): CodeIgniter\CodeIgniter->run()
ERROR - 2022-10-22 22:06:09 --> mysqli_sql_exception: Column 'nombre' cannot be null in C:\wamp64\www\The_Club\system\Database\MySQLi\Connection.php:292
Stack trace:
#0 C:\wamp64\www\The_Club\system\Database\MySQLi\Connection.php(292): mysqli->query('INSERT INTO `so...', 0)
#1 C:\wamp64\www\The_Club\system\Database\BaseConnection.php(693): CodeIgniter\Database\MySQLi\Connection->execute('INSERT INTO `so...')
#2 C:\wamp64\www\The_Club\system\Database\BaseConnection.php(620): CodeIgniter\Database\BaseConnection->simpleQuery('INSERT INTO `so...')
#3 C:\wamp64\www\The_Club\system\Database\BaseBuilder.php(1916): CodeIgniter\Database\BaseConnection->query('INSERT INTO `so...', Array, false)
#4 C:\wamp64\www\The_Club\system\Model.php(279): CodeIgniter\Database\BaseBuilder->insert()
#5 C:\wamp64\www\The_Club\system\BaseModel.php(748): CodeIgniter\Model->doInsert(Array)
#6 C:\wamp64\www\The_Club\system\Model.php(667): CodeIgniter\BaseModel->insert(Array, true)
#7 C:\wamp64\www\The_Club\app\Controllers\Socios.php(30): CodeIgniter\Model->insert(Array)
#8 C:\wamp64\www\The_Club\system\CodeIgniter.php(902): App\Controllers\Socios->add()
#9 C:\wamp64\www\The_Club\system\CodeIgniter.php(457): CodeIgniter\CodeIgniter->runController(Object(App\Controllers\Socios))
#10 C:\wamp64\www\The_Club\system\CodeIgniter.php(340): CodeIgniter\CodeIgniter->handleRequest(NULL, Object(Config\Cache), false)
#11 C:\wamp64\www\The_Club\index.php(67): CodeIgniter\CodeIgniter->run()
#12 {main}
CRITICAL - 2022-10-22 22:06:09 --> Column 'nombre' cannot be null
in SYSTEMPATH\Database\MySQLi\Connection.php on line 292.
 1 SYSTEMPATH\Database\MySQLi\Connection.php(292): mysqli->query('INSERT INTO `socio` (`nombre`, `apellido`, `documento`, `celular`) VALUES (NULL, NULL, NULL, NULL)', 0)
 2 SYSTEMPATH\Database\BaseConnection.php(693): CodeIgniter\Database\MySQLi\Connection->execute('INSERT INTO `socio` (`nombre`, `apellido`, `documento`, `celular`) VALUES (NULL, NULL, NULL, NULL)')
 3 SYSTEMPATH\Database\BaseConnection.php(620): CodeIgniter\Database\BaseConnection->simpleQuery('INSERT INTO `socio` (`nombre`, `apellido`, `documento`, `celular`) VALUES (NULL, NULL, NULL, NULL)')
 4 SYSTEMPATH\Database\BaseBuilder.php(1916): CodeIgniter\Database\BaseConnection->query('INSERT INTO `socio` (`nombre`, `apellido`, `documento`, `celular`) VALUES (:nombre:, :apellido:, :documento:, :celular:)', [...], false)
 5 SYSTEMPATH\Model.php(279): CodeIgniter\Database\BaseBuilder->insert()
 6 SYSTEMPATH\BaseModel.php(748): CodeIgniter\Model->doInsert([...])
 7 SYSTEMPATH\Model.php(667): CodeIgniter\BaseModel->insert([...], true)
 8 APPPATH\Controllers\Socios.php(30): CodeIgniter\Model->insert([...])
 9 SYSTEMPATH\CodeIgniter.php(902): App\Controllers\Socios->add()
10 SYSTEMPATH\CodeIgniter.php(457): CodeIgniter\CodeIgniter->runController(Object(App\Controllers\Socios))
11 SYSTEMPATH\CodeIgniter.php(340): CodeIgniter\CodeIgniter->handleRequest(null, Object(Config\Cache), false)
12 FCPATH\index.php(67): CodeIgniter\CodeIgniter->run()
ERROR - 2022-10-22 22:06:10 --> mysqli_sql_exception: Column 'nombre' cannot be null in C:\wamp64\www\The_Club\system\Database\MySQLi\Connection.php:292
Stack trace:
#0 C:\wamp64\www\The_Club\system\Database\MySQLi\Connection.php(292): mysqli->query('INSERT INTO `so...', 0)
#1 C:\wamp64\www\The_Club\system\Database\BaseConnection.php(693): CodeIgniter\Database\MySQLi\Connection->execute('INSERT INTO `so...')
#2 C:\wamp64\www\The_Club\system\Database\BaseConnection.php(620): CodeIgniter\Database\BaseConnection->simpleQuery('INSERT INTO `so...')
#3 C:\wamp64\www\The_Club\system\Database\BaseBuilder.php(1916): CodeIgniter\Database\BaseConnection->query('INSERT INTO `so...', Array, false)
#4 C:\wamp64\www\The_Club\system\Model.php(279): CodeIgniter\Database\BaseBuilder->insert()
#5 C:\wamp64\www\The_Club\system\BaseModel.php(748): CodeIgniter\Model->doInsert(Array)
#6 C:\wamp64\www\The_Club\system\Model.php(667): CodeIgniter\BaseModel->insert(Array, true)
#7 C:\wamp64\www\The_Club\app\Controllers\Socios.php(30): CodeIgniter\Model->insert(Array)
#8 C:\wamp64\www\The_Club\system\CodeIgniter.php(902): App\Controllers\Socios->add()
#9 C:\wamp64\www\The_Club\system\CodeIgniter.php(457): CodeIgniter\CodeIgniter->runController(Object(App\Controllers\Socios))
#10 C:\wamp64\www\The_Club\system\CodeIgniter.php(340): CodeIgniter\CodeIgniter->handleRequest(NULL, Object(Config\Cache), false)
#11 C:\wamp64\www\The_Club\index.php(67): CodeIgniter\CodeIgniter->run()
#12 {main}
CRITICAL - 2022-10-22 22:06:10 --> Column 'nombre' cannot be null
in SYSTEMPATH\Database\MySQLi\Connection.php on line 292.
 1 SYSTEMPATH\Database\MySQLi\Connection.php(292): mysqli->query('INSERT INTO `socio` (`nombre`, `apellido`, `documento`, `celular`) VALUES (NULL, NULL, NULL, NULL)', 0)
 2 SYSTEMPATH\Database\BaseConnection.php(693): CodeIgniter\Database\MySQLi\Connection->execute('INSERT INTO `socio` (`nombre`, `apellido`, `documento`, `celular`) VALUES (NULL, NULL, NULL, NULL)')
 3 SYSTEMPATH\Database\BaseConnection.php(620): CodeIgniter\Database\BaseConnection->simpleQuery('INSERT INTO `socio` (`nombre`, `apellido`, `documento`, `celular`) VALUES (NULL, NULL, NULL, NULL)')
 4 SYSTEMPATH\Database\BaseBuilder.php(1916): CodeIgniter\Database\BaseConnection->query('INSERT INTO `socio` (`nombre`, `apellido`, `documento`, `celular`) VALUES (:nombre:, :apellido:, :documento:, :celular:)', [...], false)
 5 SYSTEMPATH\Model.php(279): CodeIgniter\Database\BaseBuilder->insert()
 6 SYSTEMPATH\BaseModel.php(748): CodeIgniter\Model->doInsert([...])
 7 SYSTEMPATH\Model.php(667): CodeIgniter\BaseModel->insert([...], true)
 8 APPPATH\Controllers\Socios.php(30): CodeIgniter\Model->insert([...])
 9 SYSTEMPATH\CodeIgniter.php(902): App\Controllers\Socios->add()
10 SYSTEMPATH\CodeIgniter.php(457): CodeIgniter\CodeIgniter->runController(Object(App\Controllers\Socios))
11 SYSTEMPATH\CodeIgniter.php(340): CodeIgniter\CodeIgniter->handleRequest(null, Object(Config\Cache), false)
12 FCPATH\index.php(67): CodeIgniter\CodeIgniter->run()
ERROR - 2022-10-22 22:06:11 --> mysqli_sql_exception: Column 'nombre' cannot be null in C:\wamp64\www\The_Club\system\Database\MySQLi\Connection.php:292
Stack trace:
#0 C:\wamp64\www\The_Club\system\Database\MySQLi\Connection.php(292): mysqli->query('INSERT INTO `so...', 0)
#1 C:\wamp64\www\The_Club\system\Database\BaseConnection.php(693): CodeIgniter\Database\MySQLi\Connection->execute('INSERT INTO `so...')
#2 C:\wamp64\www\The_Club\system\Database\BaseConnection.php(620): CodeIgniter\Database\BaseConnection->simpleQuery('INSERT INTO `so...')
#3 C:\wamp64\www\The_Club\system\Database\BaseBuilder.php(1916): CodeIgniter\Database\BaseConnection->query('INSERT INTO `so...', Array, false)
#4 C:\wamp64\www\The_Club\system\Model.php(279): CodeIgniter\Database\BaseBuilder->insert()
#5 C:\wamp64\www\The_Club\system\BaseModel.php(748): CodeIgniter\Model->doInsert(Array)
#6 C:\wamp64\www\The_Club\system\Model.php(667): CodeIgniter\BaseModel->insert(Array, true)
#7 C:\wamp64\www\The_Club\app\Controllers\Socios.php(30): CodeIgniter\Model->insert(Array)
#8 C:\wamp64\www\The_Club\system\CodeIgniter.php(902): App\Controllers\Socios->add()
#9 C:\wamp64\www\The_Club\system\CodeIgniter.php(457): CodeIgniter\CodeIgniter->runController(Object(App\Controllers\Socios))
#10 C:\wamp64\www\The_Club\system\CodeIgniter.php(340): CodeIgniter\CodeIgniter->handleRequest(NULL, Object(Config\Cache), false)
#11 C:\wamp64\www\The_Club\index.php(67): CodeIgniter\CodeIgniter->run()
#12 {main}
CRITICAL - 2022-10-22 22:06:11 --> Column 'nombre' cannot be null
in SYSTEMPATH\Database\MySQLi\Connection.php on line 292.
 1 SYSTEMPATH\Database\MySQLi\Connection.php(292): mysqli->query('INSERT INTO `socio` (`nombre`, `apellido`, `documento`, `celular`) VALUES (NULL, NULL, NULL, NULL)', 0)
 2 SYSTEMPATH\Database\BaseConnection.php(693): CodeIgniter\Database\MySQLi\Connection->execute('INSERT INTO `socio` (`nombre`, `apellido`, `documento`, `celular`) VALUES (NULL, NULL, NULL, NULL)')
 3 SYSTEMPATH\Database\BaseConnection.php(620): CodeIgniter\Database\BaseConnection->simpleQuery('INSERT INTO `socio` (`nombre`, `apellido`, `documento`, `celular`) VALUES (NULL, NULL, NULL, NULL)')
 4 SYSTEMPATH\Database\BaseBuilder.php(1916): CodeIgniter\Database\BaseConnection->query('INSERT INTO `socio` (`nombre`, `apellido`, `documento`, `celular`) VALUES (:nombre:, :apellido:, :documento:, :celular:)', [...], false)
 5 SYSTEMPATH\Model.php(279): CodeIgniter\Database\BaseBuilder->insert()
 6 SYSTEMPATH\BaseModel.php(748): CodeIgniter\Model->doInsert([...])
 7 SYSTEMPATH\Model.php(667): CodeIgniter\BaseModel->insert([...], true)
 8 APPPATH\Controllers\Socios.php(30): CodeIgniter\Model->insert([...])
 9 SYSTEMPATH\CodeIgniter.php(902): App\Controllers\Socios->add()
10 SYSTEMPATH\CodeIgniter.php(457): CodeIgniter\CodeIgniter->runController(Object(App\Controllers\Socios))
11 SYSTEMPATH\CodeIgniter.php(340): CodeIgniter\CodeIgniter->handleRequest(null, Object(Config\Cache), false)
12 FCPATH\index.php(67): CodeIgniter\CodeIgniter->run()
ERROR - 2022-10-22 22:06:11 --> mysqli_sql_exception: Column 'nombre' cannot be null in C:\wamp64\www\The_Club\system\Database\MySQLi\Connection.php:292
Stack trace:
#0 C:\wamp64\www\The_Club\system\Database\MySQLi\Connection.php(292): mysqli->query('INSERT INTO `so...', 0)
#1 C:\wamp64\www\The_Club\system\Database\BaseConnection.php(693): CodeIgniter\Database\MySQLi\Connection->execute('INSERT INTO `so...')
#2 C:\wamp64\www\The_Club\system\Database\BaseConnection.php(620): CodeIgniter\Database\BaseConnection->simpleQuery('INSERT INTO `so...')
#3 C:\wamp64\www\The_Club\system\Database\BaseBuilder.php(1916): CodeIgniter\Database\BaseConnection->query('INSERT INTO `so...', Array, false)
#4 C:\wamp64\www\The_Club\system\Model.php(279): CodeIgniter\Database\BaseBuilder->insert()
#5 C:\wamp64\www\The_Club\system\BaseModel.php(748): CodeIgniter\Model->doInsert(Array)
#6 C:\wamp64\www\The_Club\system\Model.php(667): CodeIgniter\BaseModel->insert(Array, true)
#7 C:\wamp64\www\The_Club\app\Controllers\Socios.php(30): CodeIgniter\Model->insert(Array)
#8 C:\wamp64\www\The_Club\system\CodeIgniter.php(902): App\Controllers\Socios->add()
#9 C:\wamp64\www\The_Club\system\CodeIgniter.php(457): CodeIgniter\CodeIgniter->runController(Object(App\Controllers\Socios))
#10 C:\wamp64\www\The_Club\system\CodeIgniter.php(340): CodeIgniter\CodeIgniter->handleRequest(NULL, Object(Config\Cache), false)
#11 C:\wamp64\www\The_Club\index.php(67): CodeIgniter\CodeIgniter->run()
#12 {main}
CRITICAL - 2022-10-22 22:06:11 --> Column 'nombre' cannot be null
in SYSTEMPATH\Database\MySQLi\Connection.php on line 292.
 1 SYSTEMPATH\Database\MySQLi\Connection.php(292): mysqli->query('INSERT INTO `socio` (`nombre`, `apellido`, `documento`, `celular`) VALUES (NULL, NULL, NULL, NULL)', 0)
 2 SYSTEMPATH\Database\BaseConnection.php(693): CodeIgniter\Database\MySQLi\Connection->execute('INSERT INTO `socio` (`nombre`, `apellido`, `documento`, `celular`) VALUES (NULL, NULL, NULL, NULL)')
 3 SYSTEMPATH\Database\BaseConnection.php(620): CodeIgniter\Database\BaseConnection->simpleQuery('INSERT INTO `socio` (`nombre`, `apellido`, `documento`, `celular`) VALUES (NULL, NULL, NULL, NULL)')
 4 SYSTEMPATH\Database\BaseBuilder.php(1916): CodeIgniter\Database\BaseConnection->query('INSERT INTO `socio` (`nombre`, `apellido`, `documento`, `celular`) VALUES (:nombre:, :apellido:, :documento:, :celular:)', [...], false)
 5 SYSTEMPATH\Model.php(279): CodeIgniter\Database\BaseBuilder->insert()
 6 SYSTEMPATH\BaseModel.php(748): CodeIgniter\Model->doInsert([...])
 7 SYSTEMPATH\Model.php(667): CodeIgniter\BaseModel->insert([...], true)
 8 APPPATH\Controllers\Socios.php(30): CodeIgniter\Model->insert([...])
 9 SYSTEMPATH\CodeIgniter.php(902): App\Controllers\Socios->add()
10 SYSTEMPATH\CodeIgniter.php(457): CodeIgniter\CodeIgniter->runController(Object(App\Controllers\Socios))
11 SYSTEMPATH\CodeIgniter.php(340): CodeIgniter\CodeIgniter->handleRequest(null, Object(Config\Cache), false)
12 FCPATH\index.php(67): CodeIgniter\CodeIgniter->run()
ERROR - 2022-10-22 22:06:11 --> mysqli_sql_exception: Column 'nombre' cannot be null in C:\wamp64\www\The_Club\system\Database\MySQLi\Connection.php:292
Stack trace:
#0 C:\wamp64\www\The_Club\system\Database\MySQLi\Connection.php(292): mysqli->query('INSERT INTO `so...', 0)
#1 C:\wamp64\www\The_Club\system\Database\BaseConnection.php(693): CodeIgniter\Database\MySQLi\Connection->execute('INSERT INTO `so...')
#2 C:\wamp64\www\The_Club\system\Database\BaseConnection.php(620): CodeIgniter\Database\BaseConnection->simpleQuery('INSERT INTO `so...')
#3 C:\wamp64\www\The_Club\system\Database\BaseBuilder.php(1916): CodeIgniter\Database\BaseConnection->query('INSERT INTO `so...', Array, false)
#4 C:\wamp64\www\The_Club\system\Model.php(279): CodeIgniter\Database\BaseBuilder->insert()
#5 C:\wamp64\www\The_Club\system\BaseModel.php(748): CodeIgniter\Model->doInsert(Array)
#6 C:\wamp64\www\The_Club\system\Model.php(667): CodeIgniter\BaseModel->insert(Array, true)
#7 C:\wamp64\www\The_Club\app\Controllers\Socios.php(30): CodeIgniter\Model->insert(Array)
#8 C:\wamp64\www\The_Club\system\CodeIgniter.php(902): App\Controllers\Socios->add()
#9 C:\wamp64\www\The_Club\system\CodeIgniter.php(457): CodeIgniter\CodeIgniter->runController(Object(App\Controllers\Socios))
#10 C:\wamp64\www\The_Club\system\CodeIgniter.php(340): CodeIgniter\CodeIgniter->handleRequest(NULL, Object(Config\Cache), false)
#11 C:\wamp64\www\The_Club\index.php(67): CodeIgniter\CodeIgniter->run()
#12 {main}
CRITICAL - 2022-10-22 22:06:11 --> Column 'nombre' cannot be null
in SYSTEMPATH\Database\MySQLi\Connection.php on line 292.
 1 SYSTEMPATH\Database\MySQLi\Connection.php(292): mysqli->query('INSERT INTO `socio` (`nombre`, `apellido`, `documento`, `celular`) VALUES (NULL, NULL, NULL, NULL)', 0)
 2 SYSTEMPATH\Database\BaseConnection.php(693): CodeIgniter\Database\MySQLi\Connection->execute('INSERT INTO `socio` (`nombre`, `apellido`, `documento`, `celular`) VALUES (NULL, NULL, NULL, NULL)')
 3 SYSTEMPATH\Database\BaseConnection.php(620): CodeIgniter\Database\BaseConnection->simpleQuery('INSERT INTO `socio` (`nombre`, `apellido`, `documento`, `celular`) VALUES (NULL, NULL, NULL, NULL)')
 4 SYSTEMPATH\Database\BaseBuilder.php(1916): CodeIgniter\Database\BaseConnection->query('INSERT INTO `socio` (`nombre`, `apellido`, `documento`, `celular`) VALUES (:nombre:, :apellido:, :documento:, :celular:)', [...], false)
 5 SYSTEMPATH\Model.php(279): CodeIgniter\Database\BaseBuilder->insert()
 6 SYSTEMPATH\BaseModel.php(748): CodeIgniter\Model->doInsert([...])
 7 SYSTEMPATH\Model.php(667): CodeIgniter\BaseModel->insert([...], true)
 8 APPPATH\Controllers\Socios.php(30): CodeIgniter\Model->insert([...])
 9 SYSTEMPATH\CodeIgniter.php(902): App\Controllers\Socios->add()
10 SYSTEMPATH\CodeIgniter.php(457): CodeIgniter\CodeIgniter->runController(Object(App\Controllers\Socios))
11 SYSTEMPATH\CodeIgniter.php(340): CodeIgniter\CodeIgniter->handleRequest(null, Object(Config\Cache), false)
12 FCPATH\index.php(67): CodeIgniter\CodeIgniter->run()
ERROR - 2022-10-22 22:06:11 --> mysqli_sql_exception: Column 'nombre' cannot be null in C:\wamp64\www\The_Club\system\Database\MySQLi\Connection.php:292
Stack trace:
#0 C:\wamp64\www\The_Club\system\Database\MySQLi\Connection.php(292): mysqli->query('INSERT INTO `so...', 0)
#1 C:\wamp64\www\The_Club\system\Database\BaseConnection.php(693): CodeIgniter\Database\MySQLi\Connection->execute('INSERT INTO `so...')
#2 C:\wamp64\www\The_Club\system\Database\BaseConnection.php(620): CodeIgniter\Database\BaseConnection->simpleQuery('INSERT INTO `so...')
#3 C:\wamp64\www\The_Club\system\Database\BaseBuilder.php(1916): CodeIgniter\Database\BaseConnection->query('INSERT INTO `so...', Array, false)
#4 C:\wamp64\www\The_Club\system\Model.php(279): CodeIgniter\Database\BaseBuilder->insert()
#5 C:\wamp64\www\The_Club\system\BaseModel.php(748): CodeIgniter\Model->doInsert(Array)
#6 C:\wamp64\www\The_Club\system\Model.php(667): CodeIgniter\BaseModel->insert(Array, true)
#7 C:\wamp64\www\The_Club\app\Controllers\Socios.php(30): CodeIgniter\Model->insert(Array)
#8 C:\wamp64\www\The_Club\system\CodeIgniter.php(902): App\Controllers\Socios->add()
#9 C:\wamp64\www\The_Club\system\CodeIgniter.php(457): CodeIgniter\CodeIgniter->runController(Object(App\Controllers\Socios))
#10 C:\wamp64\www\The_Club\system\CodeIgniter.php(340): CodeIgniter\CodeIgniter->handleRequest(NULL, Object(Config\Cache), false)
#11 C:\wamp64\www\The_Club\index.php(67): CodeIgniter\CodeIgniter->run()
#12 {main}
CRITICAL - 2022-10-22 22:06:11 --> Column 'nombre' cannot be null
in SYSTEMPATH\Database\MySQLi\Connection.php on line 292.
 1 SYSTEMPATH\Database\MySQLi\Connection.php(292): mysqli->query('INSERT INTO `socio` (`nombre`, `apellido`, `documento`, `celular`) VALUES (NULL, NULL, NULL, NULL)', 0)
 2 SYSTEMPATH\Database\BaseConnection.php(693): CodeIgniter\Database\MySQLi\Connection->execute('INSERT INTO `socio` (`nombre`, `apellido`, `documento`, `celular`) VALUES (NULL, NULL, NULL, NULL)')
 3 SYSTEMPATH\Database\BaseConnection.php(620): CodeIgniter\Database\BaseConnection->simpleQuery('INSERT INTO `socio` (`nombre`, `apellido`, `documento`, `celular`) VALUES (NULL, NULL, NULL, NULL)')
 4 SYSTEMPATH\Database\BaseBuilder.php(1916): CodeIgniter\Database\BaseConnection->query('INSERT INTO `socio` (`nombre`, `apellido`, `documento`, `celular`) VALUES (:nombre:, :apellido:, :documento:, :celular:)', [...], false)
 5 SYSTEMPATH\Model.php(279): CodeIgniter\Database\BaseBuilder->insert()
 6 SYSTEMPATH\BaseModel.php(748): CodeIgniter\Model->doInsert([...])
 7 SYSTEMPATH\Model.php(667): CodeIgniter\BaseModel->insert([...], true)
 8 APPPATH\Controllers\Socios.php(30): CodeIgniter\Model->insert([...])
 9 SYSTEMPATH\CodeIgniter.php(902): App\Controllers\Socios->add()
10 SYSTEMPATH\CodeIgniter.php(457): CodeIgniter\CodeIgniter->runController(Object(App\Controllers\Socios))
11 SYSTEMPATH\CodeIgniter.php(340): CodeIgniter\CodeIgniter->handleRequest(null, Object(Config\Cache), false)
12 FCPATH\index.php(67): CodeIgniter\CodeIgniter->run()
ERROR - 2022-10-22 22:06:11 --> mysqli_sql_exception: Column 'nombre' cannot be null in C:\wamp64\www\The_Club\system\Database\MySQLi\Connection.php:292
Stack trace:
#0 C:\wamp64\www\The_Club\system\Database\MySQLi\Connection.php(292): mysqli->query('INSERT INTO `so...', 0)
#1 C:\wamp64\www\The_Club\system\Database\BaseConnection.php(693): CodeIgniter\Database\MySQLi\Connection->execute('INSERT INTO `so...')
#2 C:\wamp64\www\The_Club\system\Database\BaseConnection.php(620): CodeIgniter\Database\BaseConnection->simpleQuery('INSERT INTO `so...')
#3 C:\wamp64\www\The_Club\system\Database\BaseBuilder.php(1916): CodeIgniter\Database\BaseConnection->query('INSERT INTO `so...', Array, false)
#4 C:\wamp64\www\The_Club\system\Model.php(279): CodeIgniter\Database\BaseBuilder->insert()
#5 C:\wamp64\www\The_Club\system\BaseModel.php(748): CodeIgniter\Model->doInsert(Array)
#6 C:\wamp64\www\The_Club\system\Model.php(667): CodeIgniter\BaseModel->insert(Array, true)
#7 C:\wamp64\www\The_Club\app\Controllers\Socios.php(30): CodeIgniter\Model->insert(Array)
#8 C:\wamp64\www\The_Club\system\CodeIgniter.php(902): App\Controllers\Socios->add()
#9 C:\wamp64\www\The_Club\system\CodeIgniter.php(457): CodeIgniter\CodeIgniter->runController(Object(App\Controllers\Socios))
#10 C:\wamp64\www\The_Club\system\CodeIgniter.php(340): CodeIgniter\CodeIgniter->handleRequest(NULL, Object(Config\Cache), false)
#11 C:\wamp64\www\The_Club\index.php(67): CodeIgniter\CodeIgniter->run()
#12 {main}
CRITICAL - 2022-10-22 22:06:11 --> Column 'nombre' cannot be null
in SYSTEMPATH\Database\MySQLi\Connection.php on line 292.
 1 SYSTEMPATH\Database\MySQLi\Connection.php(292): mysqli->query('INSERT INTO `socio` (`nombre`, `apellido`, `documento`, `celular`) VALUES (NULL, NULL, NULL, NULL)', 0)
 2 SYSTEMPATH\Database\BaseConnection.php(693): CodeIgniter\Database\MySQLi\Connection->execute('INSERT INTO `socio` (`nombre`, `apellido`, `documento`, `celular`) VALUES (NULL, NULL, NULL, NULL)')
 3 SYSTEMPATH\Database\BaseConnection.php(620): CodeIgniter\Database\BaseConnection->simpleQuery('INSERT INTO `socio` (`nombre`, `apellido`, `documento`, `celular`) VALUES (NULL, NULL, NULL, NULL)')
 4 SYSTEMPATH\Database\BaseBuilder.php(1916): CodeIgniter\Database\BaseConnection->query('INSERT INTO `socio` (`nombre`, `apellido`, `documento`, `celular`) VALUES (:nombre:, :apellido:, :documento:, :celular:)', [...], false)
 5 SYSTEMPATH\Model.php(279): CodeIgniter\Database\BaseBuilder->insert()
 6 SYSTEMPATH\BaseModel.php(748): CodeIgniter\Model->doInsert([...])
 7 SYSTEMPATH\Model.php(667): CodeIgniter\BaseModel->insert([...], true)
 8 APPPATH\Controllers\Socios.php(30): CodeIgniter\Model->insert([...])
 9 SYSTEMPATH\CodeIgniter.php(902): App\Controllers\Socios->add()
10 SYSTEMPATH\CodeIgniter.php(457): CodeIgniter\CodeIgniter->runController(Object(App\Controllers\Socios))
11 SYSTEMPATH\CodeIgniter.php(340): CodeIgniter\CodeIgniter->handleRequest(null, Object(Config\Cache), false)
12 FCPATH\index.php(67): CodeIgniter\CodeIgniter->run()
CRITICAL - 2022-10-22 22:06:46 --> Undefined variable: si
in APPPATH\Controllers\Socios.php on line 22.
 1 APPPATH\Controllers\Socios.php(22): CodeIgniter\Debug\Exceptions->errorHandler(8, 'Undefined variable: si', 'APPPATH\\Controllers\\Socios.php', 22, [])
 2 SYSTEMPATH\CodeIgniter.php(902): App\Controllers\Socios->add()
 3 SYSTEMPATH\CodeIgniter.php(457): CodeIgniter\CodeIgniter->runController(Object(App\Controllers\Socios))
 4 SYSTEMPATH\CodeIgniter.php(340): CodeIgniter\CodeIgniter->handleRequest(null, Object(Config\Cache), false)
 5 FCPATH\index.php(67): CodeIgniter\CodeIgniter->run()
CRITICAL - 2022-10-22 22:07:29 --> Undefined variable: si
in APPPATH\Views\add_socio.php on line 17.
 1 APPPATH\Views\add_socio.php(17): CodeIgniter\Debug\Exceptions->errorHandler(8, 'Undefined variable: si', 'APPPATH\\Views\\add_socio.php', 17, [])
 2 SYSTEMPATH\View\View.php(213): include('APPPATH\\Views\\add_socio.php')
 3 SYSTEMPATH\View\View.php(216): CodeIgniter\View\View->CodeIgniter\View\{closure}()
 4 SYSTEMPATH\Common.php(1142): CodeIgniter\View\View->render('add_socio', [], true)
 5 APPPATH\Controllers\Socios.php(22): view('add_socio')
 6 SYSTEMPATH\CodeIgniter.php(902): App\Controllers\Socios->add()
 7 SYSTEMPATH\CodeIgniter.php(457): CodeIgniter\CodeIgniter->runController(Object(App\Controllers\Socios))
 8 SYSTEMPATH\CodeIgniter.php(340): CodeIgniter\CodeIgniter->handleRequest(null, Object(Config\Cache), false)
 9 FCPATH\index.php(67): CodeIgniter\CodeIgniter->run()
ERROR - 2022-10-22 22:10:19 --> mysqli_sql_exception: Column 'nombre' cannot be null in C:\wamp64\www\The_Club\system\Database\MySQLi\Connection.php:292
Stack trace:
#0 C:\wamp64\www\The_Club\system\Database\MySQLi\Connection.php(292): mysqli->query('INSERT INTO `so...', 0)
#1 C:\wamp64\www\The_Club\system\Database\BaseConnection.php(693): CodeIgniter\Database\MySQLi\Connection->execute('INSERT INTO `so...')
#2 C:\wamp64\www\The_Club\system\Database\BaseConnection.php(620): CodeIgniter\Database\BaseConnection->simpleQuery('INSERT INTO `so...')
#3 C:\wamp64\www\The_Club\system\Database\BaseBuilder.php(1916): CodeIgniter\Database\BaseConnection->query('INSERT INTO `so...', Array, false)
#4 C:\wamp64\www\The_Club\system\Model.php(279): CodeIgniter\Database\BaseBuilder->insert()
#5 C:\wamp64\www\The_Club\system\BaseModel.php(748): CodeIgniter\Model->doInsert(Array)
#6 C:\wamp64\www\The_Club\system\Model.php(667): CodeIgniter\BaseModel->insert(Array, true)
#7 C:\wamp64\www\The_Club\app\Controllers\Socios.php(36): CodeIgniter\Model->insert(Array)
#8 C:\wamp64\www\The_Club\system\CodeIgniter.php(902): App\Controllers\Socios->add()
#9 C:\wamp64\www\The_Club\system\CodeIgniter.php(457): CodeIgniter\CodeIgniter->runController(Object(App\Controllers\Socios))
#10 C:\wamp64\www\The_Club\system\CodeIgniter.php(340): CodeIgniter\CodeIgniter->handleRequest(NULL, Object(Config\Cache), false)
#11 C:\wamp64\www\The_Club\index.php(67): CodeIgniter\CodeIgniter->run()
#12 {main}
CRITICAL - 2022-10-22 22:10:19 --> Column 'nombre' cannot be null
in SYSTEMPATH\Database\MySQLi\Connection.php on line 292.
 1 SYSTEMPATH\Database\MySQLi\Connection.php(292): mysqli->query('INSERT INTO `socio` (`nombre`, `apellido`, `documento`, `celular`) VALUES (NULL, NULL, NULL, NULL)', 0)
 2 SYSTEMPATH\Database\BaseConnection.php(693): CodeIgniter\Database\MySQLi\Connection->execute('INSERT INTO `socio` (`nombre`, `apellido`, `documento`, `celular`) VALUES (NULL, NULL, NULL, NULL)')
 3 SYSTEMPATH\Database\BaseConnection.php(620): CodeIgniter\Database\BaseConnection->simpleQuery('INSERT INTO `socio` (`nombre`, `apellido`, `documento`, `celular`) VALUES (NULL, NULL, NULL, NULL)')
 4 SYSTEMPATH\Database\BaseBuilder.php(1916): CodeIgniter\Database\BaseConnection->query('INSERT INTO `socio` (`nombre`, `apellido`, `documento`, `celular`) VALUES (:nombre:, :apellido:, :documento:, :celular:)', [...], false)
 5 SYSTEMPATH\Model.php(279): CodeIgniter\Database\BaseBuilder->insert()
 6 SYSTEMPATH\BaseModel.php(748): CodeIgniter\Model->doInsert([...])
 7 SYSTEMPATH\Model.php(667): CodeIgniter\BaseModel->insert([...], true)
 8 APPPATH\Controllers\Socios.php(36): CodeIgniter\Model->insert([...])
 9 SYSTEMPATH\CodeIgniter.php(902): App\Controllers\Socios->add()
10 SYSTEMPATH\CodeIgniter.php(457): CodeIgniter\CodeIgniter->runController(Object(App\Controllers\Socios))
11 SYSTEMPATH\CodeIgniter.php(340): CodeIgniter\CodeIgniter->handleRequest(null, Object(Config\Cache), false)
12 FCPATH\index.php(67): CodeIgniter\CodeIgniter->run()
CRITICAL - 2022-10-22 22:26:03 --> Trying to get property 'errno' of non-object
in SYSTEMPATH\Database\MySQLi\Connection.php on line 561.
 1 SYSTEMPATH\Database\MySQLi\Connection.php(561): CodeIgniter\Debug\Exceptions->errorHandler(8, 'Trying to get property \'errno\' of non-object', 'SYSTEMPATH\\Database\\MySQLi\\Connection.php', 561, [])
 2 SYSTEMPATH\Model.php(453): CodeIgniter\Database\MySQLi\Connection->error()
 3 SYSTEMPATH\BaseModel.php(1079): CodeIgniter\Model->doErrors()
 4 APPPATH\Controllers\Socios.php(29): CodeIgniter\BaseModel->errors()
 5 SYSTEMPATH\CodeIgniter.php(902): App\Controllers\Socios->add()
 6 SYSTEMPATH\CodeIgniter.php(457): CodeIgniter\CodeIgniter->runController(Object(App\Controllers\Socios))
 7 SYSTEMPATH\CodeIgniter.php(340): CodeIgniter\CodeIgniter->handleRequest(null, Object(Config\Cache), false)
 8 FCPATH\index.php(67): CodeIgniter\CodeIgniter->run()
CRITICAL - 2022-10-22 22:26:48 --> Trying to get property 'errno' of non-object
in SYSTEMPATH\Database\MySQLi\Connection.php on line 561.
 1 SYSTEMPATH\Database\MySQLi\Connection.php(561): CodeIgniter\Debug\Exceptions->errorHandler(8, 'Trying to get property \'errno\' of non-object', 'SYSTEMPATH\\Database\\MySQLi\\Connection.php', 561, [])
 2 SYSTEMPATH\Model.php(453): CodeIgniter\Database\MySQLi\Connection->error()
 3 SYSTEMPATH\BaseModel.php(1079): CodeIgniter\Model->doErrors()
 4 APPPATH\Controllers\Socios.php(29): CodeIgniter\BaseModel->errors()
 5 SYSTEMPATH\CodeIgniter.php(902): App\Controllers\Socios->add()
 6 SYSTEMPATH\CodeIgniter.php(457): CodeIgniter\CodeIgniter->runController(Object(App\Controllers\Socios))
 7 SYSTEMPATH\CodeIgniter.php(340): CodeIgniter\CodeIgniter->handleRequest(null, Object(Config\Cache), false)
 8 FCPATH\index.php(67): CodeIgniter\CodeIgniter->run()
CRITICAL - 2022-10-22 22:26:53 --> Trying to get property 'errno' of non-object
in SYSTEMPATH\Database\MySQLi\Connection.php on line 561.
 1 SYSTEMPATH\Database\MySQLi\Connection.php(561): CodeIgniter\Debug\Exceptions->errorHandler(8, 'Trying to get property \'errno\' of non-object', 'SYSTEMPATH\\Database\\MySQLi\\Connection.php', 561, [])
 2 SYSTEMPATH\Model.php(453): CodeIgniter\Database\MySQLi\Connection->error()
 3 SYSTEMPATH\BaseModel.php(1079): CodeIgniter\Model->doErrors()
 4 APPPATH\Controllers\Socios.php(29): CodeIgniter\BaseModel->errors()
 5 SYSTEMPATH\CodeIgniter.php(902): App\Controllers\Socios->add()
 6 SYSTEMPATH\CodeIgniter.php(457): CodeIgniter\CodeIgniter->runController(Object(App\Controllers\Socios))
 7 SYSTEMPATH\CodeIgniter.php(340): CodeIgniter\CodeIgniter->handleRequest(null, Object(Config\Cache), false)
 8 FCPATH\index.php(67): CodeIgniter\CodeIgniter->run()
CRITICAL - 2022-10-22 22:27:17 --> Trying to get property 'errno' of non-object
in SYSTEMPATH\Database\MySQLi\Connection.php on line 561.
 1 SYSTEMPATH\Database\MySQLi\Connection.php(561): CodeIgniter\Debug\Exceptions->errorHandler(8, 'Trying to get property \'errno\' of non-object', 'SYSTEMPATH\\Database\\MySQLi\\Connection.php', 561, [])
 2 SYSTEMPATH\Model.php(453): CodeIgniter\Database\MySQLi\Connection->error()
 3 SYSTEMPATH\BaseModel.php(1079): CodeIgniter\Model->doErrors()
 4 APPPATH\Controllers\Socios.php(29): CodeIgniter\BaseModel->errors()
 5 SYSTEMPATH\CodeIgniter.php(902): App\Controllers\Socios->add()
 6 SYSTEMPATH\CodeIgniter.php(457): CodeIgniter\CodeIgniter->runController(Object(App\Controllers\Socios))
 7 SYSTEMPATH\CodeIgniter.php(340): CodeIgniter\CodeIgniter->handleRequest(null, Object(Config\Cache), false)
 8 FCPATH\index.php(67): CodeIgniter\CodeIgniter->run()
CRITICAL - 2022-10-22 22:28:34 --> Trying to get property 'errno' of non-object
in SYSTEMPATH\Database\MySQLi\Connection.php on line 561.
 1 SYSTEMPATH\Database\MySQLi\Connection.php(561): CodeIgniter\Debug\Exceptions->errorHandler(8, 'Trying to get property \'errno\' of non-object', 'SYSTEMPATH\\Database\\MySQLi\\Connection.php', 561, [])
 2 SYSTEMPATH\Model.php(453): CodeIgniter\Database\MySQLi\Connection->error()
 3 SYSTEMPATH\BaseModel.php(1079): CodeIgniter\Model->doErrors()
 4 APPPATH\Controllers\Socios.php(29): CodeIgniter\BaseModel->errors()
 5 SYSTEMPATH\CodeIgniter.php(902): App\Controllers\Socios->add()
 6 SYSTEMPATH\CodeIgniter.php(457): CodeIgniter\CodeIgniter->runController(Object(App\Controllers\Socios))
 7 SYSTEMPATH\CodeIgniter.php(340): CodeIgniter\CodeIgniter->handleRequest(null, Object(Config\Cache), false)
 8 FCPATH\index.php(67): CodeIgniter\CodeIgniter->run()
ERROR - 2022-10-22 22:28:56 --> mysqli_sql_exception: Column 'nombre' cannot be null in C:\wamp64\www\The_Club\system\Database\MySQLi\Connection.php:292
Stack trace:
#0 C:\wamp64\www\The_Club\system\Database\MySQLi\Connection.php(292): mysqli->query('INSERT INTO `so...', 0)
#1 C:\wamp64\www\The_Club\system\Database\BaseConnection.php(693): CodeIgniter\Database\MySQLi\Connection->execute('INSERT INTO `so...')
#2 C:\wamp64\www\The_Club\system\Database\BaseConnection.php(620): CodeIgniter\Database\BaseConnection->simpleQuery('INSERT INTO `so...')
#3 C:\wamp64\www\The_Club\system\Database\BaseBuilder.php(1916): CodeIgniter\Database\BaseConnection->query('INSERT INTO `so...', Array, false)
#4 C:\wamp64\www\The_Club\system\Model.php(279): CodeIgniter\Database\BaseBuilder->insert()
#5 C:\wamp64\www\The_Club\system\BaseModel.php(748): CodeIgniter\Model->doInsert(Array)
#6 C:\wamp64\www\The_Club\system\Model.php(667): CodeIgniter\BaseModel->insert(Array, true)
#7 C:\wamp64\www\The_Club\app\Controllers\Socios.php(37): CodeIgniter\Model->insert(Array)
#8 C:\wamp64\www\The_Club\system\CodeIgniter.php(902): App\Controllers\Socios->add()
#9 C:\wamp64\www\The_Club\system\CodeIgniter.php(457): CodeIgniter\CodeIgniter->runController(Object(App\Controllers\Socios))
#10 C:\wamp64\www\The_Club\system\CodeIgniter.php(340): CodeIgniter\CodeIgniter->handleRequest(NULL, Object(Config\Cache), false)
#11 C:\wamp64\www\The_Club\index.php(67): CodeIgniter\CodeIgniter->run()
#12 {main}
CRITICAL - 2022-10-22 22:28:56 --> Column 'nombre' cannot be null
in SYSTEMPATH\Database\MySQLi\Connection.php on line 292.
 1 SYSTEMPATH\Database\MySQLi\Connection.php(292): mysqli->query('INSERT INTO `socio` (`nombre`, `apellido`, `documento`, `celular`) VALUES (NULL, NULL, NULL, NULL)', 0)
 2 SYSTEMPATH\Database\BaseConnection.php(693): CodeIgniter\Database\MySQLi\Connection->execute('INSERT INTO `socio` (`nombre`, `apellido`, `documento`, `celular`) VALUES (NULL, NULL, NULL, NULL)')
 3 SYSTEMPATH\Database\BaseConnection.php(620): CodeIgniter\Database\BaseConnection->simpleQuery('INSERT INTO `socio` (`nombre`, `apellido`, `documento`, `celular`) VALUES (NULL, NULL, NULL, NULL)')
 4 SYSTEMPATH\Database\BaseBuilder.php(1916): CodeIgniter\Database\BaseConnection->query('INSERT INTO `socio` (`nombre`, `apellido`, `documento`, `celular`) VALUES (:nombre:, :apellido:, :documento:, :celular:)', [...], false)
 5 SYSTEMPATH\Model.php(279): CodeIgniter\Database\BaseBuilder->insert()
 6 SYSTEMPATH\BaseModel.php(748): CodeIgniter\Model->doInsert([...])
 7 SYSTEMPATH\Model.php(667): CodeIgniter\BaseModel->insert([...], true)
 8 APPPATH\Controllers\Socios.php(37): CodeIgniter\Model->insert([...])
 9 SYSTEMPATH\CodeIgniter.php(902): App\Controllers\Socios->add()
10 SYSTEMPATH\CodeIgniter.php(457): CodeIgniter\CodeIgniter->runController(Object(App\Controllers\Socios))
11 SYSTEMPATH\CodeIgniter.php(340): CodeIgniter\CodeIgniter->handleRequest(null, Object(Config\Cache), false)
12 FCPATH\index.php(67): CodeIgniter\CodeIgniter->run()
ERROR - 2022-10-22 22:29:31 --> mysqli_sql_exception: Column 'nombre' cannot be null in C:\wamp64\www\The_Club\system\Database\MySQLi\Connection.php:292
Stack trace:
#0 C:\wamp64\www\The_Club\system\Database\MySQLi\Connection.php(292): mysqli->query('INSERT INTO `so...', 0)
#1 C:\wamp64\www\The_Club\system\Database\BaseConnection.php(693): CodeIgniter\Database\MySQLi\Connection->execute('INSERT INTO `so...')
#2 C:\wamp64\www\The_Club\system\Database\BaseConnection.php(620): CodeIgniter\Database\BaseConnection->simpleQuery('INSERT INTO `so...')
#3 C:\wamp64\www\The_Club\system\Database\BaseBuilder.php(1916): CodeIgniter\Database\BaseConnection->query('INSERT INTO `so...', Array, false)
#4 C:\wamp64\www\The_Club\system\Model.php(279): CodeIgniter\Database\BaseBuilder->insert()
#5 C:\wamp64\www\The_Club\system\BaseModel.php(748): CodeIgniter\Model->doInsert(Array)
#6 C:\wamp64\www\The_Club\system\Model.php(667): CodeIgniter\BaseModel->insert(Array, true)
#7 C:\wamp64\www\The_Club\app\Controllers\Socios.php(36): CodeIgniter\Model->insert(Array)
#8 C:\wamp64\www\The_Club\system\CodeIgniter.php(902): App\Controllers\Socios->add()
#9 C:\wamp64\www\The_Club\system\CodeIgniter.php(457): CodeIgniter\CodeIgniter->runController(Object(App\Controllers\Socios))
#10 C:\wamp64\www\The_Club\system\CodeIgniter.php(340): CodeIgniter\CodeIgniter->handleRequest(NULL, Object(Config\Cache), false)
#11 C:\wamp64\www\The_Club\index.php(67): CodeIgniter\CodeIgniter->run()
#12 {main}
CRITICAL - 2022-10-22 22:29:31 --> Column 'nombre' cannot be null
in SYSTEMPATH\Database\MySQLi\Connection.php on line 292.
 1 SYSTEMPATH\Database\MySQLi\Connection.php(292): mysqli->query('INSERT INTO `socio` (`nombre`, `apellido`, `documento`, `celular`) VALUES (NULL, NULL, NULL, NULL)', 0)
 2 SYSTEMPATH\Database\BaseConnection.php(693): CodeIgniter\Database\MySQLi\Connection->execute('INSERT INTO `socio` (`nombre`, `apellido`, `documento`, `celular`) VALUES (NULL, NULL, NULL, NULL)')
 3 SYSTEMPATH\Database\BaseConnection.php(620): CodeIgniter\Database\BaseConnection->simpleQuery('INSERT INTO `socio` (`nombre`, `apellido`, `documento`, `celular`) VALUES (NULL, NULL, NULL, NULL)')
 4 SYSTEMPATH\Database\BaseBuilder.php(1916): CodeIgniter\Database\BaseConnection->query('INSERT INTO `socio` (`nombre`, `apellido`, `documento`, `celular`) VALUES (:nombre:, :apellido:, :documento:, :celular:)', [...], false)
 5 SYSTEMPATH\Model.php(279): CodeIgniter\Database\BaseBuilder->insert()
 6 SYSTEMPATH\BaseModel.php(748): CodeIgniter\Model->doInsert([...])
 7 SYSTEMPATH\Model.php(667): CodeIgniter\BaseModel->insert([...], true)
 8 APPPATH\Controllers\Socios.php(36): CodeIgniter\Model->insert([...])
 9 SYSTEMPATH\CodeIgniter.php(902): App\Controllers\Socios->add()
10 SYSTEMPATH\CodeIgniter.php(457): CodeIgniter\CodeIgniter->runController(Object(App\Controllers\Socios))
11 SYSTEMPATH\CodeIgniter.php(340): CodeIgniter\CodeIgniter->handleRequest(null, Object(Config\Cache), false)
12 FCPATH\index.php(67): CodeIgniter\CodeIgniter->run()
ERROR - 2022-10-22 22:29:32 --> mysqli_sql_exception: Column 'nombre' cannot be null in C:\wamp64\www\The_Club\system\Database\MySQLi\Connection.php:292
Stack trace:
#0 C:\wamp64\www\The_Club\system\Database\MySQLi\Connection.php(292): mysqli->query('INSERT INTO `so...', 0)
#1 C:\wamp64\www\The_Club\system\Database\BaseConnection.php(693): CodeIgniter\Database\MySQLi\Connection->execute('INSERT INTO `so...')
#2 C:\wamp64\www\The_Club\system\Database\BaseConnection.php(620): CodeIgniter\Database\BaseConnection->simpleQuery('INSERT INTO `so...')
#3 C:\wamp64\www\The_Club\system\Database\BaseBuilder.php(1916): CodeIgniter\Database\BaseConnection->query('INSERT INTO `so...', Array, false)
#4 C:\wamp64\www\The_Club\system\Model.php(279): CodeIgniter\Database\BaseBuilder->insert()
#5 C:\wamp64\www\The_Club\system\BaseModel.php(748): CodeIgniter\Model->doInsert(Array)
#6 C:\wamp64\www\The_Club\system\Model.php(667): CodeIgniter\BaseModel->insert(Array, true)
#7 C:\wamp64\www\The_Club\app\Controllers\Socios.php(36): CodeIgniter\Model->insert(Array)
#8 C:\wamp64\www\The_Club\system\CodeIgniter.php(902): App\Controllers\Socios->add()
#9 C:\wamp64\www\The_Club\system\CodeIgniter.php(457): CodeIgniter\CodeIgniter->runController(Object(App\Controllers\Socios))
#10 C:\wamp64\www\The_Club\system\CodeIgniter.php(340): CodeIgniter\CodeIgniter->handleRequest(NULL, Object(Config\Cache), false)
#11 C:\wamp64\www\The_Club\index.php(67): CodeIgniter\CodeIgniter->run()
#12 {main}
CRITICAL - 2022-10-22 22:29:32 --> Column 'nombre' cannot be null
in SYSTEMPATH\Database\MySQLi\Connection.php on line 292.
 1 SYSTEMPATH\Database\MySQLi\Connection.php(292): mysqli->query('INSERT INTO `socio` (`nombre`, `apellido`, `documento`, `celular`) VALUES (NULL, NULL, NULL, NULL)', 0)
 2 SYSTEMPATH\Database\BaseConnection.php(693): CodeIgniter\Database\MySQLi\Connection->execute('INSERT INTO `socio` (`nombre`, `apellido`, `documento`, `celular`) VALUES (NULL, NULL, NULL, NULL)')
 3 SYSTEMPATH\Database\BaseConnection.php(620): CodeIgniter\Database\BaseConnection->simpleQuery('INSERT INTO `socio` (`nombre`, `apellido`, `documento`, `celular`) VALUES (NULL, NULL, NULL, NULL)')
 4 SYSTEMPATH\Database\BaseBuilder.php(1916): CodeIgniter\Database\BaseConnection->query('INSERT INTO `socio` (`nombre`, `apellido`, `documento`, `celular`) VALUES (:nombre:, :apellido:, :documento:, :celular:)', [...], false)
 5 SYSTEMPATH\Model.php(279): CodeIgniter\Database\BaseBuilder->insert()
 6 SYSTEMPATH\BaseModel.php(748): CodeIgniter\Model->doInsert([...])
 7 SYSTEMPATH\Model.php(667): CodeIgniter\BaseModel->insert([...], true)
 8 APPPATH\Controllers\Socios.php(36): CodeIgniter\Model->insert([...])
 9 SYSTEMPATH\CodeIgniter.php(902): App\Controllers\Socios->add()
10 SYSTEMPATH\CodeIgniter.php(457): CodeIgniter\CodeIgniter->runController(Object(App\Controllers\Socios))
11 SYSTEMPATH\CodeIgniter.php(340): CodeIgniter\CodeIgniter->handleRequest(null, Object(Config\Cache), false)
12 FCPATH\index.php(67): CodeIgniter\CodeIgniter->run()
ERROR - 2022-10-22 22:29:32 --> mysqli_sql_exception: Column 'nombre' cannot be null in C:\wamp64\www\The_Club\system\Database\MySQLi\Connection.php:292
Stack trace:
#0 C:\wamp64\www\The_Club\system\Database\MySQLi\Connection.php(292): mysqli->query('INSERT INTO `so...', 0)
#1 C:\wamp64\www\The_Club\system\Database\BaseConnection.php(693): CodeIgniter\Database\MySQLi\Connection->execute('INSERT INTO `so...')
#2 C:\wamp64\www\The_Club\system\Database\BaseConnection.php(620): CodeIgniter\Database\BaseConnection->simpleQuery('INSERT INTO `so...')
#3 C:\wamp64\www\The_Club\system\Database\BaseBuilder.php(1916): CodeIgniter\Database\BaseConnection->query('INSERT INTO `so...', Array, false)
#4 C:\wamp64\www\The_Club\system\Model.php(279): CodeIgniter\Database\BaseBuilder->insert()
#5 C:\wamp64\www\The_Club\system\BaseModel.php(748): CodeIgniter\Model->doInsert(Array)
#6 C:\wamp64\www\The_Club\system\Model.php(667): CodeIgniter\BaseModel->insert(Array, true)
#7 C:\wamp64\www\The_Club\app\Controllers\Socios.php(36): CodeIgniter\Model->insert(Array)
#8 C:\wamp64\www\The_Club\system\CodeIgniter.php(902): App\Controllers\Socios->add()
#9 C:\wamp64\www\The_Club\system\CodeIgniter.php(457): CodeIgniter\CodeIgniter->runController(Object(App\Controllers\Socios))
#10 C:\wamp64\www\The_Club\system\CodeIgniter.php(340): CodeIgniter\CodeIgniter->handleRequest(NULL, Object(Config\Cache), false)
#11 C:\wamp64\www\The_Club\index.php(67): CodeIgniter\CodeIgniter->run()
#12 {main}
CRITICAL - 2022-10-22 22:29:32 --> Column 'nombre' cannot be null
in SYSTEMPATH\Database\MySQLi\Connection.php on line 292.
 1 SYSTEMPATH\Database\MySQLi\Connection.php(292): mysqli->query('INSERT INTO `socio` (`nombre`, `apellido`, `documento`, `celular`) VALUES (NULL, NULL, NULL, NULL)', 0)
 2 SYSTEMPATH\Database\BaseConnection.php(693): CodeIgniter\Database\MySQLi\Connection->execute('INSERT INTO `socio` (`nombre`, `apellido`, `documento`, `celular`) VALUES (NULL, NULL, NULL, NULL)')
 3 SYSTEMPATH\Database\BaseConnection.php(620): CodeIgniter\Database\BaseConnection->simpleQuery('INSERT INTO `socio` (`nombre`, `apellido`, `documento`, `celular`) VALUES (NULL, NULL, NULL, NULL)')
 4 SYSTEMPATH\Database\BaseBuilder.php(1916): CodeIgniter\Database\BaseConnection->query('INSERT INTO `socio` (`nombre`, `apellido`, `documento`, `celular`) VALUES (:nombre:, :apellido:, :documento:, :celular:)', [...], false)
 5 SYSTEMPATH\Model.php(279): CodeIgniter\Database\BaseBuilder->insert()
 6 SYSTEMPATH\BaseModel.php(748): CodeIgniter\Model->doInsert([...])
 7 SYSTEMPATH\Model.php(667): CodeIgniter\BaseModel->insert([...], true)
 8 APPPATH\Controllers\Socios.php(36): CodeIgniter\Model->insert([...])
 9 SYSTEMPATH\CodeIgniter.php(902): App\Controllers\Socios->add()
10 SYSTEMPATH\CodeIgniter.php(457): CodeIgniter\CodeIgniter->runController(Object(App\Controllers\Socios))
11 SYSTEMPATH\CodeIgniter.php(340): CodeIgniter\CodeIgniter->handleRequest(null, Object(Config\Cache), false)
12 FCPATH\index.php(67): CodeIgniter\CodeIgniter->run()
ERROR - 2022-10-22 22:29:32 --> mysqli_sql_exception: Column 'nombre' cannot be null in C:\wamp64\www\The_Club\system\Database\MySQLi\Connection.php:292
Stack trace:
#0 C:\wamp64\www\The_Club\system\Database\MySQLi\Connection.php(292): mysqli->query('INSERT INTO `so...', 0)
#1 C:\wamp64\www\The_Club\system\Database\BaseConnection.php(693): CodeIgniter\Database\MySQLi\Connection->execute('INSERT INTO `so...')
#2 C:\wamp64\www\The_Club\system\Database\BaseConnection.php(620): CodeIgniter\Database\BaseConnection->simpleQuery('INSERT INTO `so...')
#3 C:\wamp64\www\The_Club\system\Database\BaseBuilder.php(1916): CodeIgniter\Database\BaseConnection->query('INSERT INTO `so...', Array, false)
#4 C:\wamp64\www\The_Club\system\Model.php(279): CodeIgniter\Database\BaseBuilder->insert()
#5 C:\wamp64\www\The_Club\system\BaseModel.php(748): CodeIgniter\Model->doInsert(Array)
#6 C:\wamp64\www\The_Club\system\Model.php(667): CodeIgniter\BaseModel->insert(Array, true)
#7 C:\wamp64\www\The_Club\app\Controllers\Socios.php(36): CodeIgniter\Model->insert(Array)
#8 C:\wamp64\www\The_Club\system\CodeIgniter.php(902): App\Controllers\Socios->add()
#9 C:\wamp64\www\The_Club\system\CodeIgniter.php(457): CodeIgniter\CodeIgniter->runController(Object(App\Controllers\Socios))
#10 C:\wamp64\www\The_Club\system\CodeIgniter.php(340): CodeIgniter\CodeIgniter->handleRequest(NULL, Object(Config\Cache), false)
#11 C:\wamp64\www\The_Club\index.php(67): CodeIgniter\CodeIgniter->run()
#12 {main}
CRITICAL - 2022-10-22 22:29:32 --> Column 'nombre' cannot be null
in SYSTEMPATH\Database\MySQLi\Connection.php on line 292.
 1 SYSTEMPATH\Database\MySQLi\Connection.php(292): mysqli->query('INSERT INTO `socio` (`nombre`, `apellido`, `documento`, `celular`) VALUES (NULL, NULL, NULL, NULL)', 0)
 2 SYSTEMPATH\Database\BaseConnection.php(693): CodeIgniter\Database\MySQLi\Connection->execute('INSERT INTO `socio` (`nombre`, `apellido`, `documento`, `celular`) VALUES (NULL, NULL, NULL, NULL)')
 3 SYSTEMPATH\Database\BaseConnection.php(620): CodeIgniter\Database\BaseConnection->simpleQuery('INSERT INTO `socio` (`nombre`, `apellido`, `documento`, `celular`) VALUES (NULL, NULL, NULL, NULL)')
 4 SYSTEMPATH\Database\BaseBuilder.php(1916): CodeIgniter\Database\BaseConnection->query('INSERT INTO `socio` (`nombre`, `apellido`, `documento`, `celular`) VALUES (:nombre:, :apellido:, :documento:, :celular:)', [...], false)
 5 SYSTEMPATH\Model.php(279): CodeIgniter\Database\BaseBuilder->insert()
 6 SYSTEMPATH\BaseModel.php(748): CodeIgniter\Model->doInsert([...])
 7 SYSTEMPATH\Model.php(667): CodeIgniter\BaseModel->insert([...], true)
 8 APPPATH\Controllers\Socios.php(36): CodeIgniter\Model->insert([...])
 9 SYSTEMPATH\CodeIgniter.php(902): App\Controllers\Socios->add()
10 SYSTEMPATH\CodeIgniter.php(457): CodeIgniter\CodeIgniter->runController(Object(App\Controllers\Socios))
11 SYSTEMPATH\CodeIgniter.php(340): CodeIgniter\CodeIgniter->handleRequest(null, Object(Config\Cache), false)
12 FCPATH\index.php(67): CodeIgniter\CodeIgniter->run()
ERROR - 2022-10-22 22:31:05 --> mysqli_sql_exception: Column 'nombre' cannot be null in C:\wamp64\www\The_Club\system\Database\MySQLi\Connection.php:292
Stack trace:
#0 C:\wamp64\www\The_Club\system\Database\MySQLi\Connection.php(292): mysqli->query('INSERT INTO `so...', 0)
#1 C:\wamp64\www\The_Club\system\Database\BaseConnection.php(693): CodeIgniter\Database\MySQLi\Connection->execute('INSERT INTO `so...')
#2 C:\wamp64\www\The_Club\system\Database\BaseConnection.php(620): CodeIgniter\Database\BaseConnection->simpleQuery('INSERT INTO `so...')
#3 C:\wamp64\www\The_Club\system\Database\BaseBuilder.php(1916): CodeIgniter\Database\BaseConnection->query('INSERT INTO `so...', Array, false)
#4 C:\wamp64\www\The_Club\system\Model.php(279): CodeIgniter\Database\BaseBuilder->insert()
#5 C:\wamp64\www\The_Club\system\BaseModel.php(748): CodeIgniter\Model->doInsert(Array)
#6 C:\wamp64\www\The_Club\system\Model.php(667): CodeIgniter\BaseModel->insert(Array, true)
#7 C:\wamp64\www\The_Club\app\Controllers\Socios.php(36): CodeIgniter\Model->insert(Array)
#8 C:\wamp64\www\The_Club\system\CodeIgniter.php(902): App\Controllers\Socios->add()
#9 C:\wamp64\www\The_Club\system\CodeIgniter.php(457): CodeIgniter\CodeIgniter->runController(Object(App\Controllers\Socios))
#10 C:\wamp64\www\The_Club\system\CodeIgniter.php(340): CodeIgniter\CodeIgniter->handleRequest(NULL, Object(Config\Cache), false)
#11 C:\wamp64\www\The_Club\index.php(67): CodeIgniter\CodeIgniter->run()
#12 {main}
CRITICAL - 2022-10-22 22:31:05 --> Column 'nombre' cannot be null
in SYSTEMPATH\Database\MySQLi\Connection.php on line 292.
 1 SYSTEMPATH\Database\MySQLi\Connection.php(292): mysqli->query('INSERT INTO `socio` (`nombre`, `apellido`, `documento`, `celular`) VALUES (NULL, NULL, NULL, NULL)', 0)
 2 SYSTEMPATH\Database\BaseConnection.php(693): CodeIgniter\Database\MySQLi\Connection->execute('INSERT INTO `socio` (`nombre`, `apellido`, `documento`, `celular`) VALUES (NULL, NULL, NULL, NULL)')
 3 SYSTEMPATH\Database\BaseConnection.php(620): CodeIgniter\Database\BaseConnection->simpleQuery('INSERT INTO `socio` (`nombre`, `apellido`, `documento`, `celular`) VALUES (NULL, NULL, NULL, NULL)')
 4 SYSTEMPATH\Database\BaseBuilder.php(1916): CodeIgniter\Database\BaseConnection->query('INSERT INTO `socio` (`nombre`, `apellido`, `documento`, `celular`) VALUES (:nombre:, :apellido:, :documento:, :celular:)', [...], false)
 5 SYSTEMPATH\Model.php(279): CodeIgniter\Database\BaseBuilder->insert()
 6 SYSTEMPATH\BaseModel.php(748): CodeIgniter\Model->doInsert([...])
 7 SYSTEMPATH\Model.php(667): CodeIgniter\BaseModel->insert([...], true)
 8 APPPATH\Controllers\Socios.php(36): CodeIgniter\Model->insert([...])
 9 SYSTEMPATH\CodeIgniter.php(902): App\Controllers\Socios->add()
10 SYSTEMPATH\CodeIgniter.php(457): CodeIgniter\CodeIgniter->runController(Object(App\Controllers\Socios))
11 SYSTEMPATH\CodeIgniter.php(340): CodeIgniter\CodeIgniter->handleRequest(null, Object(Config\Cache), false)
12 FCPATH\index.php(67): CodeIgniter\CodeIgniter->run()
